SF:/Users/sangwon0001/Projects/LumenLater/bnpl/workspace/bnpl_core/src/lib.rs
FN:80,_RNvMs3_Cs79aPZ6VgDxp_9bnpl_coreNtB5_19UnifiedBNPLContract10get_config
FN:48,_RNvMs3_Cs79aPZ6VgDxp_9bnpl_coreNtB5_19UnifiedBNPLContract10initialize
FN:326,_RNvMs3_Cs79aPZ6VgDxp_9bnpl_coreNtB5_19UnifiedBNPLContract10repay_bill
FN:207,_RNvMs3_Cs79aPZ6VgDxp_9bnpl_coreNtB5_19UnifiedBNPLContract11create_bill
FN:197,_RNvMs3_Cs79aPZ6VgDxp_9bnpl_coreNtB5_19UnifiedBNPLContract12get_merchant
FN:440,_RNvMs3_Cs79aPZ6VgDxp_9bnpl_coreNtB5_19UnifiedBNPLContract13calc_late_fee
FN:265,_RNvMs3_Cs79aPZ6VgDxp_9bnpl_coreNtB5_19UnifiedBNPLContract13pay_bill_bnpl
FN:261,_RNvMs3_Cs79aPZ6VgDxp_9bnpl_coreNtB5_19UnifiedBNPLContract14get_user_bills
FN:377,_RNvMs3_Cs79aPZ6VgDxp_9bnpl_coreNtB5_19UnifiedBNPLContract14liquidate_bill
FN:85,_RNvMs3_Cs79aPZ6VgDxp_9bnpl_coreNtB5_19UnifiedBNPLContract15distribute_fees
FN:120,_RNvMs3_Cs79aPZ6VgDxp_9bnpl_coreNtB5_19UnifiedBNPLContract15enroll_merchant
FN:460,_RNvMs3_Cs79aPZ6VgDxp_9bnpl_coreNtB5_19UnifiedBNPLContract19get_user_total_debt
FN:516,_RNvMs3_Cs79aPZ6VgDxp_9bnpl_coreNtB5_19UnifiedBNPLContract22get_protocol_constants
FN:156,_RNvMs3_Cs79aPZ6VgDxp_9bnpl_coreNtB5_19UnifiedBNPLContract22update_merchant_status
FN:487,_RNvMs3_Cs79aPZ6VgDxp_9bnpl_coreNtB5_19UnifiedBNPLContract24get_user_borrowing_power
FN:478,_RNvMs3_Cs79aPZ6VgDxp_9bnpl_coreNtB5_19UnifiedBNPLContract28get_user_required_collateral
FN:257,_RNvMs3_Cs79aPZ6VgDxp_9bnpl_coreNtB5_19UnifiedBNPLContract8get_bill
FN:112,_RNvMs3_Cs79aPZ6VgDxp_9bnpl_coreNtB5_19UnifiedBNPLContract8is_admin
FNDA:1,_RNvMs3_Cs79aPZ6VgDxp_9bnpl_coreNtB5_19UnifiedBNPLContract10get_config
FNDA:13,_RNvMs3_Cs79aPZ6VgDxp_9bnpl_coreNtB5_19UnifiedBNPLContract10initialize
FNDA:4,_RNvMs3_Cs79aPZ6VgDxp_9bnpl_coreNtB5_19UnifiedBNPLContract10repay_bill
FNDA:9,_RNvMs3_Cs79aPZ6VgDxp_9bnpl_coreNtB5_19UnifiedBNPLContract11create_bill
FNDA:11,_RNvMs3_Cs79aPZ6VgDxp_9bnpl_coreNtB5_19UnifiedBNPLContract12get_merchant
FNDA:16,_RNvMs3_Cs79aPZ6VgDxp_9bnpl_coreNtB5_19UnifiedBNPLContract13calc_late_fee
FNDA:8,_RNvMs3_Cs79aPZ6VgDxp_9bnpl_coreNtB5_19UnifiedBNPLContract13pay_bill_bnpl
FNDA:0,_RNvMs3_Cs79aPZ6VgDxp_9bnpl_coreNtB5_19UnifiedBNPLContract14get_user_bills
FNDA:1,_RNvMs3_Cs79aPZ6VgDxp_9bnpl_coreNtB5_19UnifiedBNPLContract14liquidate_bill
FNDA:13,_RNvMs3_Cs79aPZ6VgDxp_9bnpl_coreNtB5_19UnifiedBNPLContract15distribute_fees
FNDA:8,_RNvMs3_Cs79aPZ6VgDxp_9bnpl_coreNtB5_19UnifiedBNPLContract15enroll_merchant
FNDA:14,_RNvMs3_Cs79aPZ6VgDxp_9bnpl_coreNtB5_19UnifiedBNPLContract19get_user_total_debt
FNDA:0,_RNvMs3_Cs79aPZ6VgDxp_9bnpl_coreNtB5_19UnifiedBNPLContract22get_protocol_constants
FNDA:7,_RNvMs3_Cs79aPZ6VgDxp_9bnpl_coreNtB5_19UnifiedBNPLContract22update_merchant_status
FNDA:9,_RNvMs3_Cs79aPZ6VgDxp_9bnpl_coreNtB5_19UnifiedBNPLContract24get_user_borrowing_power
FNDA:0,_RNvMs3_Cs79aPZ6VgDxp_9bnpl_coreNtB5_19UnifiedBNPLContract28get_user_required_collateral
FNDA:5,_RNvMs3_Cs79aPZ6VgDxp_9bnpl_coreNtB5_19UnifiedBNPLContract8get_bill
FNDA:7,_RNvMs3_Cs79aPZ6VgDxp_9bnpl_coreNtB5_19UnifiedBNPLContract8is_admin
FNF:18
FNH:15
DA:48,13
DA:49,13
DA:50,13
DA:51,13
DA:52,13
DA:53,13
DA:54,13
DA:55,13
DA:56,13
DA:57,1
DA:58,12
DA:60,12
DA:61,12
DA:62,12
DA:63,12
DA:64,12
DA:65,12
DA:66,12
DA:68,12
DA:71,12
DA:74,12
DA:75,12
DA:76,12
DA:78,12
DA:80,1
DA:81,1
DA:82,1
DA:85,13
DA:86,13
DA:87,13
DA:89,13
DA:90,13
DA:91,13
DA:94,13
DA:95,10
DA:96,10
DA:97,13
DA:98,10
DA:99,10
DA:102,13
DA:103,10
DA:104,10
DA:105,10
DA:106,10
DA:107,10
DA:108,10
DA:109,10
DA:110,13
DA:112,7
DA:113,7
DA:114,7
DA:115,7
DA:120,8
DA:121,8
DA:122,8
DA:123,8
DA:124,8
DA:125,8
DA:128,8
DA:130,8
DA:131,0
DA:132,8
DA:134,8
DA:135,8
DA:136,8
DA:137,8
DA:140,8
DA:143,8
DA:144,8
DA:145,8
DA:146,8
DA:147,8
DA:148,8
DA:149,8
DA:152,8
DA:153,8
DA:156,7
DA:157,7
DA:158,7
DA:159,7
DA:160,7
DA:161,7
DA:162,7
DA:165,7
DA:166,0
DA:167,7
DA:170,7
DA:171,7
DA:172,0
DA:173,7
DA:175,7
DA:176,7
DA:177,7
DA:180,7
DA:183,7
DA:184,7
DA:185,7
DA:186,7
DA:187,7
DA:188,7
DA:189,7
DA:190,7
DA:193,7
DA:194,7
DA:197,11
DA:198,11
DA:199,11
DA:200,11
DA:201,11
DA:202,11
DA:207,9
DA:208,9
DA:209,9
DA:210,9
DA:211,9
DA:212,9
DA:213,9
DA:214,9
DA:217,9
DA:218,9
DA:219,0
DA:220,9
DA:222,9
DA:223,0
DA:224,9
DA:226,9
DA:228,9
DA:229,9
DA:230,9
DA:231,9
DA:232,9
DA:233,9
DA:234,9
DA:235,9
DA:236,9
DA:237,9
DA:239,9
DA:240,9
DA:242,9
DA:243,9
DA:244,9
DA:245,9
DA:246,9
DA:247,9
DA:248,9
DA:249,9
DA:250,9
DA:251,9
DA:254,9
DA:255,9
DA:257,5
DA:258,5
DA:259,5
DA:261,0
DA:262,0
DA:263,0
DA:265,8
DA:266,8
DA:267,8
DA:268,8
DA:269,8
DA:270,8
DA:273,8
DA:274,0
DA:275,8
DA:276,8
DA:277,0
DA:278,8
DA:280,8
DA:282,8
DA:283,0
DA:284,8
DA:287,8
DA:288,8
DA:291,8
DA:292,8
DA:293,8
DA:295,8
DA:297,8
DA:298,8
DA:300,8
DA:303,8
DA:304,8
DA:306,8
DA:309,8
DA:310,8
DA:311,8
DA:313,8
DA:314,8
DA:315,8
DA:316,8
DA:317,8
DA:318,8
DA:319,8
DA:320,8
DA:323,8
DA:326,4
DA:327,4
DA:328,4
DA:330,4
DA:332,4
DA:333,0
DA:334,4
DA:336,4
DA:337,4
DA:339,4
DA:342,4
DA:343,4
DA:345,4
DA:346,4
DA:347,4
DA:349,4
DA:352,4
DA:355,4
DA:356,4
DA:357,10
DA:358,10
DA:359,10
DA:360,6
DA:361,6
DA:363,4
DA:365,4
DA:366,4
DA:367,4
DA:368,4
DA:369,4
DA:370,4
DA:371,4
DA:372,4
DA:374,4
DA:377,1
DA:378,1
DA:379,1
DA:380,1
DA:381,1
DA:382,1
DA:385,1
DA:386,1
DA:387,1
DA:389,1
DA:390,0
DA:391,1
DA:393,1
DA:395,1
DA:396,0
DA:397,1
DA:399,1
DA:400,0
DA:401,1
DA:403,1
DA:404,1
DA:407,1
DA:408,1
DA:409,1
DA:410,1
DA:411,1
DA:412,0
DA:413,1
DA:415,1
DA:417,1
DA:418,1
DA:420,1
DA:422,1
DA:423,1
DA:424,1
DA:426,1
DA:427,1
DA:428,1
DA:430,1
DA:431,1
DA:432,1
DA:433,1
DA:434,1
DA:435,1
DA:436,1
DA:438,1
DA:440,16
DA:441,16
DA:442,16
DA:445,16
DA:446,9
DA:447,7
DA:450,7
DA:451,7
DA:454,7
DA:456,7
DA:457,16
DA:460,14
DA:461,14
DA:462,14
DA:463,14
DA:465,14
DA:466,11
DA:467,11
DA:469,11
DA:470,11
DA:471,11
DA:472,11
DA:475,14
DA:476,14
DA:478,0
DA:479,0
DA:483,0
DA:484,0
DA:487,9
DA:488,9
DA:489,9
DA:490,9
DA:492,9
DA:494,9
DA:495,9
DA:496,9
DA:498,0
DA:501,9
DA:503,9
DA:504,9
DA:505,9
DA:506,9
DA:507,9
DA:508,9
DA:509,9
DA:510,9
DA:511,9
DA:512,9
DA:516,0
DA:517,0
DA:518,0
DA:519,0
DA:520,0
DA:521,0
DA:522,0
DA:523,0
DA:524,0
DA:525,0
DA:526,0
DA:527,0
BRF:0
BRH:0
LF:336
LH:303
end_of_record
SF:/Users/sangwon0001/Projects/LumenLater/bnpl/workspace/bnpl_core/src/storage.rs
FN:5,_RNCNvXNvNvNtCs79aPZ6VgDxp_9bnpl_core7storage1__1__NtB6_16ArbitraryDataKeyNtCskPMauLczi1a_9arbitrary9Arbitrary19arbitrary_take_rests_0Ba_
FN:5,_RNCNvXNvNvNtCs79aPZ6VgDxp_9bnpl_core7storage1__1__NtB6_16ArbitraryDataKeyNtCskPMauLczi1a_9arbitrary9Arbitrary9arbitrarys_0Ba_
FN:46,_RNvNtCs79aPZ6VgDxp_9bnpl_core7storage20is_merchant_approved
FN:70,_RNvNtCs79aPZ6VgDxp_9bnpl_core7storage8has_bill
FN:5,_RNvXs6_NtCs79aPZ6VgDxp_9bnpl_core7storageNtNtNtCs21mkQaKRCIX_11stellar_xdr4curr9generated5ScValINtNtCsd2KPTObkMr_4core7convert7TryFromRNtB5_7DataKeyE8try_from
FN:28,_RNvNtCs79aPZ6VgDxp_9bnpl_core7storage10get_config
FN:24,_RNvNtCs79aPZ6VgDxp_9bnpl_core7storage10has_config
FN:32,_RNvNtCs79aPZ6VgDxp_9bnpl_core7storage10set_config
FN:74,_RNvNtCs79aPZ6VgDxp_9bnpl_core7storage14get_user_bills
FN:78,_RNvNtCs79aPZ6VgDxp_9bnpl_core7storage14set_user_bills
FN:52,_RNvNtCs79aPZ6VgDxp_9bnpl_core7storage16get_bill_counter
FN:56,_RNvNtCs79aPZ6VgDxp_9bnpl_core7storage16set_bill_counter
FN:38,_RNvNtCs79aPZ6VgDxp_9bnpl_core7storage17get_merchant_data
FN:42,_RNvNtCs79aPZ6VgDxp_9bnpl_core7storage17set_merchant_data
FN:62,_RNvNtCs79aPZ6VgDxp_9bnpl_core7storage8get_bill
FN:66,_RNvNtCs79aPZ6VgDxp_9bnpl_core7storage8set_bill
FNDA:0,_RNCNvXNvNvNtCs79aPZ6VgDxp_9bnpl_core7storage1__1__NtB6_16ArbitraryDataKeyNtCskPMauLczi1a_9arbitrary9Arbitrary19arbitrary_take_rests_0Ba_
FNDA:0,_RNCNvXNvNvNtCs79aPZ6VgDxp_9bnpl_core7storage1__1__NtB6_16ArbitraryDataKeyNtCskPMauLczi1a_9arbitrary9Arbitrary9arbitrarys_0Ba_
FNDA:0,_RNvNtCs79aPZ6VgDxp_9bnpl_core7storage20is_merchant_approved
FNDA:0,_RNvNtCs79aPZ6VgDxp_9bnpl_core7storage8has_bill
FNDA:0,_RNvXs6_NtCs79aPZ6VgDxp_9bnpl_core7storageNtNtNtCs21mkQaKRCIX_11stellar_xdr4curr9generated5ScValINtNtCsd2KPTObkMr_4core7convert7TryFromRNtB5_7DataKeyE8try_from
FNDA:44,_RNvNtCs79aPZ6VgDxp_9bnpl_core7storage10get_config
FNDA:13,_RNvNtCs79aPZ6VgDxp_9bnpl_core7storage10has_config
FNDA:12,_RNvNtCs79aPZ6VgDxp_9bnpl_core7storage10set_config
FNDA:27,_RNvNtCs79aPZ6VgDxp_9bnpl_core7storage14get_user_bills
FNDA:13,_RNvNtCs79aPZ6VgDxp_9bnpl_core7storage14set_user_bills
FNDA:9,_RNvNtCs79aPZ6VgDxp_9bnpl_core7storage16get_bill_counter
FNDA:21,_RNvNtCs79aPZ6VgDxp_9bnpl_core7storage16set_bill_counter
FNDA:26,_RNvNtCs79aPZ6VgDxp_9bnpl_core7storage17get_merchant_data
FNDA:15,_RNvNtCs79aPZ6VgDxp_9bnpl_core7storage17set_merchant_data
FNDA:29,_RNvNtCs79aPZ6VgDxp_9bnpl_core7storage8get_bill
FNDA:22,_RNvNtCs79aPZ6VgDxp_9bnpl_core7storage8set_bill
FNF:14
FNH:11
DA:5,0
DA:24,13
DA:25,13
DA:26,13
DA:28,44
DA:29,44
DA:30,44
DA:32,12
DA:33,12
DA:34,12
DA:38,26
DA:39,26
DA:40,26
DA:42,15
DA:43,15
DA:44,15
DA:46,0
DA:47,0
DA:48,0
DA:52,9
DA:53,9
DA:54,9
DA:56,21
DA:57,21
DA:58,21
DA:62,29
DA:63,29
DA:64,29
DA:66,22
DA:67,22
DA:68,22
DA:70,0
DA:71,0
DA:72,0
DA:74,27
DA:75,27
DA:76,27
DA:78,13
DA:79,13
DA:80,13
BRF:0
BRH:0
LF:40
LH:33
end_of_record
SF:/Users/sangwon0001/Projects/LumenLater/bnpl/workspace/bnpl_core/src/test.rs
FN:35,_RNvXs3_NtNtCs79aPZ6VgDxp_9bnpl_core4test13mock_lp_tokenNtB5_11MockLPTokenNtCs43dSCeHUkyr_18lp_token_interface16LPTokenInterface10initialize
FN:44,_RNvXs3_NtNtCs79aPZ6VgDxp_9bnpl_core4test13mock_lp_tokenNtB5_11MockLPTokenNtCs43dSCeHUkyr_18lp_token_interface16LPTokenInterface12update_index
FN:37,_RNvXs3_NtNtCs79aPZ6VgDxp_9bnpl_core4test13mock_lp_tokenNtB5_11MockLPTokenNtCs43dSCeHUkyr_18lp_token_interface16LPTokenInterface13set_bnpl_core
FN:41,_RNvXs3_NtNtCs79aPZ6VgDxp_9bnpl_core4test13mock_lp_tokenNtB5_11MockLPTokenNtCs43dSCeHUkyr_18lp_token_interface16LPTokenInterface15get_share_value
FN:63,_RNvXs3_NtNtCs79aPZ6VgDxp_9bnpl_core4test13mock_lp_tokenNtB5_11MockLPTokenNtCs43dSCeHUkyr_18lp_token_interface16LPTokenInterface15repay_with_burn
FN:39,_RNvXs3_NtNtCs79aPZ6VgDxp_9bnpl_core4test13mock_lp_tokenNtB5_11MockLPTokenNtCs43dSCeHUkyr_18lp_token_interface16LPTokenInterface16get_total_assets
FN:43,_RNvXs3_NtNtCs79aPZ6VgDxp_9bnpl_core4test13mock_lp_tokenNtB5_11MockLPTokenNtCs43dSCeHUkyr_18lp_token_interface16LPTokenInterface16total_underlying
FN:40,_RNvXs3_NtNtCs79aPZ6VgDxp_9bnpl_core4test13mock_lp_tokenNtB5_11MockLPTokenNtCs43dSCeHUkyr_18lp_token_interface16LPTokenInterface21get_accumulated_yield
FN:56,_RNvXs3_NtNtCs79aPZ6VgDxp_9bnpl_core4test13mock_lp_tokenNtB5_11MockLPTokenNtCs43dSCeHUkyr_18lp_token_interface16LPTokenInterface5repay
FN:49,_RNvXs3_NtNtCs79aPZ6VgDxp_9bnpl_core4test13mock_lp_tokenNtB5_11MockLPTokenNtCs43dSCeHUkyr_18lp_token_interface16LPTokenInterface6borrow
FN:42,_RNvXs3_NtNtCs79aPZ6VgDxp_9bnpl_core4test13mock_lp_tokenNtB5_11MockLPTokenNtCs43dSCeHUkyr_18lp_token_interface16LPTokenInterface7balance
FN:46,_RNvXs3_NtNtCs79aPZ6VgDxp_9bnpl_core4test13mock_lp_tokenNtB5_11MockLPTokenNtCs43dSCeHUkyr_18lp_token_interface16LPTokenInterface7deposit
FN:47,_RNvXs3_NtNtCs79aPZ6VgDxp_9bnpl_core4test13mock_lp_tokenNtB5_11MockLPTokenNtCs43dSCeHUkyr_18lp_token_interface16LPTokenInterface8withdraw
FN:72,_RNvNtCs79aPZ6VgDxp_9bnpl_core4test15create_test_env
FN:243,_RNvNtCs79aPZ6VgDxp_9bnpl_core4tests_13test_pay_bill
FN:296,_RNvNtCs79aPZ6VgDxp_9bnpl_core4tests_15test_repay_bill
FN:202,_RNvNtCs79aPZ6VgDxp_9bnpl_core4tests_16test_create_bill
FN:348,_RNvNtCs79aPZ6VgDxp_9bnpl_core4tests_16test_liquidation
FN:112,_RNvNtCs79aPZ6VgDxp_9bnpl_core4tests_19test_initialization
FN:146,_RNvNtCs79aPZ6VgDxp_9bnpl_core4tests_21test_admin_management
FN:418,_RNvNtCs79aPZ6VgDxp_9bnpl_core4tests_21test_fee_distribution
FN:179,_RNvNtCs79aPZ6VgDxp_9bnpl_core4tests_22test_merchant_approval
FN:465,_RNvNtCs79aPZ6VgDxp_9bnpl_core4tests_24test_get_user_total_debt
FN:159,_RNvNtCs79aPZ6VgDxp_9bnpl_core4tests_24test_merchant_enrollment
FN:132,_RNvNtCs79aPZ6VgDxp_9bnpl_core4tests_26test_double_initialization
FN:397,_RNvNtCs79aPZ6VgDxp_9bnpl_core4tests_29test_get_user_borrowing_power
FN:103,_RNCNvNtCs79aPZ6VgDxp_9bnpl_core4test15create_test_env0B5_
FN:384,_RNCNvNtCs79aPZ6VgDxp_9bnpl_core4tests_16test_liquidation0B5_
FN:530,_RNCNvNtCs79aPZ6VgDxp_9bnpl_core4tests_24test_get_user_total_debt0B5_
FN:545,_RNCNvNtCs79aPZ6VgDxp_9bnpl_core4tests_24test_get_user_total_debts_0B5_
FNDA:12,_RNvXs3_NtNtCs79aPZ6VgDxp_9bnpl_core4test13mock_lp_tokenNtB5_11MockLPTokenNtCs43dSCeHUkyr_18lp_token_interface16LPTokenInterface10initialize
FNDA:10,_RNvXs3_NtNtCs79aPZ6VgDxp_9bnpl_core4test13mock_lp_tokenNtB5_11MockLPTokenNtCs43dSCeHUkyr_18lp_token_interface16LPTokenInterface12update_index
FNDA:0,_RNvXs3_NtNtCs79aPZ6VgDxp_9bnpl_core4test13mock_lp_tokenNtB5_11MockLPTokenNtCs43dSCeHUkyr_18lp_token_interface16LPTokenInterface13set_bnpl_core
FNDA:0,_RNvXs3_NtNtCs79aPZ6VgDxp_9bnpl_core4test13mock_lp_tokenNtB5_11MockLPTokenNtCs43dSCeHUkyr_18lp_token_interface16LPTokenInterface15get_share_value
FNDA:1,_RNvXs3_NtNtCs79aPZ6VgDxp_9bnpl_core4test13mock_lp_tokenNtB5_11MockLPTokenNtCs43dSCeHUkyr_18lp_token_interface16LPTokenInterface15repay_with_burn
FNDA:0,_RNvXs3_NtNtCs79aPZ6VgDxp_9bnpl_core4test13mock_lp_tokenNtB5_11MockLPTokenNtCs43dSCeHUkyr_18lp_token_interface16LPTokenInterface16get_total_assets
FNDA:0,_RNvXs3_NtNtCs79aPZ6VgDxp_9bnpl_core4test13mock_lp_tokenNtB5_11MockLPTokenNtCs43dSCeHUkyr_18lp_token_interface16LPTokenInterface16total_underlying
FNDA:0,_RNvXs3_NtNtCs79aPZ6VgDxp_9bnpl_core4test13mock_lp_tokenNtB5_11MockLPTokenNtCs43dSCeHUkyr_18lp_token_interface16LPTokenInterface21get_accumulated_yield
FNDA:4,_RNvXs3_NtNtCs79aPZ6VgDxp_9bnpl_core4test13mock_lp_tokenNtB5_11MockLPTokenNtCs43dSCeHUkyr_18lp_token_interface16LPTokenInterface5repay
FNDA:8,_RNvXs3_NtNtCs79aPZ6VgDxp_9bnpl_core4test13mock_lp_tokenNtB5_11MockLPTokenNtCs43dSCeHUkyr_18lp_token_interface16LPTokenInterface6borrow
FNDA:10,_RNvXs3_NtNtCs79aPZ6VgDxp_9bnpl_core4test13mock_lp_tokenNtB5_11MockLPTokenNtCs43dSCeHUkyr_18lp_token_interface16LPTokenInterface7balance
FNDA:0,_RNvXs3_NtNtCs79aPZ6VgDxp_9bnpl_core4test13mock_lp_tokenNtB5_11MockLPTokenNtCs43dSCeHUkyr_18lp_token_interface16LPTokenInterface7deposit
FNDA:0,_RNvXs3_NtNtCs79aPZ6VgDxp_9bnpl_core4test13mock_lp_tokenNtB5_11MockLPTokenNtCs43dSCeHUkyr_18lp_token_interface16LPTokenInterface8withdraw
FNDA:12,_RNvNtCs79aPZ6VgDxp_9bnpl_core4test15create_test_env
FNDA:1,_RNvNtCs79aPZ6VgDxp_9bnpl_core4tests_13test_pay_bill
FNDA:1,_RNvNtCs79aPZ6VgDxp_9bnpl_core4tests_15test_repay_bill
FNDA:1,_RNvNtCs79aPZ6VgDxp_9bnpl_core4tests_16test_create_bill
FNDA:1,_RNvNtCs79aPZ6VgDxp_9bnpl_core4tests_16test_liquidation
FNDA:1,_RNvNtCs79aPZ6VgDxp_9bnpl_core4tests_19test_initialization
FNDA:1,_RNvNtCs79aPZ6VgDxp_9bnpl_core4tests_21test_admin_management
FNDA:1,_RNvNtCs79aPZ6VgDxp_9bnpl_core4tests_21test_fee_distribution
FNDA:1,_RNvNtCs79aPZ6VgDxp_9bnpl_core4tests_22test_merchant_approval
FNDA:1,_RNvNtCs79aPZ6VgDxp_9bnpl_core4tests_24test_get_user_total_debt
FNDA:1,_RNvNtCs79aPZ6VgDxp_9bnpl_core4tests_24test_merchant_enrollment
FNDA:1,_RNvNtCs79aPZ6VgDxp_9bnpl_core4tests_26test_double_initialization
FNDA:1,_RNvNtCs79aPZ6VgDxp_9bnpl_core4tests_29test_get_user_borrowing_power
FNDA:12,_RNCNvNtCs79aPZ6VgDxp_9bnpl_core4test15create_test_env0B5_
FNDA:1,_RNCNvNtCs79aPZ6VgDxp_9bnpl_core4tests_16test_liquidation0B5_
FNDA:1,_RNCNvNtCs79aPZ6VgDxp_9bnpl_core4tests_24test_get_user_total_debt0B5_
FNDA:1,_RNCNvNtCs79aPZ6VgDxp_9bnpl_core4tests_24test_get_user_total_debts_0B5_
FNF:30
FNH:23
DA:35,12
DA:37,0
DA:39,0
DA:40,0
DA:41,0
DA:42,10
DA:43,0
DA:44,10
DA:46,0
DA:47,0
DA:49,8
DA:51,8
DA:52,8
DA:53,8
DA:54,8
DA:56,4
DA:58,4
DA:59,4
DA:60,4
DA:61,4
DA:63,1
DA:65,1
DA:66,1
DA:67,1
DA:68,1
DA:72,12
DA:73,12
DA:74,12
DA:76,12
DA:77,12
DA:78,12
DA:80,12
DA:83,12
DA:84,12
DA:85,12
DA:86,12
DA:89,12
DA:92,12
DA:93,12
DA:94,12
DA:95,12
DA:96,12
DA:98,12
DA:101,12
DA:103,12
DA:104,12
DA:105,12
DA:106,12
DA:108,12
DA:109,12
DA:112,1
DA:113,1
DA:114,1
DA:116,1
DA:119,1
DA:122,1
DA:123,1
DA:124,1
DA:125,1
DA:126,1
DA:127,1
DA:128,1
DA:132,1
DA:133,1
DA:134,1
DA:136,1
DA:139,1
DA:142,1
DA:143,1
DA:146,1
DA:147,1
DA:148,1
DA:149,1
DA:151,1
DA:154,1
DA:156,1
DA:159,1
DA:160,1
DA:161,1
DA:162,1
DA:164,1
DA:167,1
DA:170,1
DA:171,1
DA:174,1
DA:175,1
DA:176,1
DA:179,1
DA:180,1
DA:181,1
DA:182,1
DA:184,1
DA:187,1
DA:190,1
DA:191,1
DA:194,1
DA:197,1
DA:198,1
DA:199,1
DA:202,1
DA:203,1
DA:204,1
DA:205,1
DA:206,1
DA:208,1
DA:209,1
DA:212,1
DA:215,1
DA:216,1
DA:217,1
DA:220,1
DA:221,1
DA:224,1
DA:225,1
DA:226,1
DA:227,1
DA:228,1
DA:229,1
DA:230,1
DA:234,1
DA:235,1
DA:236,1
DA:237,1
DA:238,1
DA:239,1
DA:243,1
DA:244,1
DA:245,1
DA:246,1
DA:247,1
DA:249,1
DA:250,1
DA:251,1
DA:254,1
DA:257,1
DA:258,1
DA:259,1
DA:262,1
DA:263,1
DA:264,1
DA:267,1
DA:268,1
DA:269,1
DA:270,1
DA:271,1
DA:272,1
DA:273,1
DA:277,1
DA:280,1
DA:283,1
DA:284,1
DA:287,1
DA:288,1
DA:291,1
DA:292,1
DA:293,1
DA:296,1
DA:297,1
DA:298,1
DA:299,1
DA:300,1
DA:302,1
DA:303,1
DA:304,1
DA:307,1
DA:310,1
DA:311,1
DA:312,1
DA:315,1
DA:316,1
DA:317,1
DA:320,1
DA:321,1
DA:322,1
DA:323,1
DA:324,1
DA:325,1
DA:326,1
DA:330,1
DA:332,1
DA:335,1
DA:339,1
DA:340,1
DA:343,1
DA:344,1
DA:345,1
DA:348,1
DA:349,1
DA:350,1
DA:351,1
DA:352,1
DA:353,1
DA:355,1
DA:356,1
DA:357,1
DA:359,1
DA:362,1
DA:363,1
DA:364,1
DA:367,1
DA:368,1
DA:371,1
DA:372,1
DA:373,1
DA:374,1
DA:375,1
DA:376,1
DA:377,1
DA:381,1
DA:384,1
DA:385,1
DA:386,1
DA:389,1
DA:392,1
DA:393,1
DA:394,1
DA:397,1
DA:398,1
DA:399,1
DA:400,1
DA:402,1
DA:405,1
DA:408,1
DA:410,1
DA:411,1
DA:412,1
DA:413,1
DA:414,1
DA:415,1
DA:418,1
DA:419,1
DA:420,1
DA:421,1
DA:422,1
DA:424,1
DA:425,1
DA:426,1
DA:429,1
DA:432,1
DA:433,1
DA:434,1
DA:437,1
DA:438,1
DA:441,1
DA:442,1
DA:443,1
DA:444,1
DA:445,1
DA:446,1
DA:447,1
DA:450,1
DA:453,1
DA:454,1
DA:455,1
DA:456,1
DA:458,1
DA:459,1
DA:461,1
DA:462,1
DA:465,1
DA:466,1
DA:467,1
DA:468,1
DA:469,1
DA:471,1
DA:472,1
DA:473,1
DA:476,1
DA:479,1
DA:480,1
DA:481,1
DA:484,1
DA:485,1
DA:486,1
DA:489,1
DA:490,1
DA:492,4
DA:493,4
DA:494,1
DA:495,1
DA:496,1
DA:497,1
DA:498,0
DA:500,4
DA:501,4
DA:502,4
DA:503,4
DA:504,4
DA:506,4
DA:510,4
DA:511,4
DA:512,4
DA:515,1
DA:516,1
DA:517,1
DA:520,1
DA:521,1
DA:522,1
DA:525,1
DA:526,1
DA:527,1
DA:530,1
DA:531,1
DA:532,1
DA:535,1
DA:536,1
DA:539,1
DA:540,1
DA:542,1
DA:545,1
DA:546,1
DA:547,1
DA:550,1
DA:551,1
DA:554,1
DA:555,1
DA:558,1
DA:559,1
DA:560,1
DA:563,1
DA:564,1
DA:567,1
DA:568,1
DA:569,1
BRF:0
BRH:0
LF:328
LH:320
end_of_record
SF:/Users/sangwon0001/Projects/LumenLater/bnpl/workspace/bnpl_core/src/types.rs
FN:8,_RNCNvXNvNvNtCs79aPZ6VgDxp_9bnpl_core5types1__1__NtB6_15ArbitraryConfigNtCskPMauLczi1a_9arbitrary9Arbitrary19arbitrary_take_rests_0Ba_
FN:8,_RNCNvXNvNvNtCs79aPZ6VgDxp_9bnpl_core5types1__1__NtB6_15ArbitraryConfigNtCskPMauLczi1a_9arbitrary9Arbitrary9arbitrarys_0Ba_
FN:25,_RNCNvXNvNvNtCs79aPZ6VgDxp_9bnpl_core5typess0_1__1__NtB6_23ArbitraryMerchantStatusNtCskPMauLczi1a_9arbitrary9Arbitrary19arbitrary_take_rests_0Ba_
FN:25,_RNCNvXNvNvNtCs79aPZ6VgDxp_9bnpl_core5typess0_1__1__NtB6_23ArbitraryMerchantStatusNtCskPMauLczi1a_9arbitrary9Arbitrary9arbitrarys_0Ba_
FN:36,_RNCNvXNvNvNtCs79aPZ6VgDxp_9bnpl_core5typess1_1__1__NtB6_13ArbitraryBillNtCskPMauLczi1a_9arbitrary9Arbitrary19arbitrary_take_rests_0Ba_
FN:36,_RNCNvXNvNvNtCs79aPZ6VgDxp_9bnpl_core5typess1_1__1__NtB6_13ArbitraryBillNtCskPMauLczi1a_9arbitrary9Arbitrary9arbitrarys_0Ba_
FN:49,_RNCNvXNvNvNtCs79aPZ6VgDxp_9bnpl_core5typess2_1__1__NtB6_19ArbitraryBillStatusNtCskPMauLczi1a_9arbitrary9Arbitrary19arbitrary_take_rests_0Ba_
FN:49,_RNCNvXNvNvNtCs79aPZ6VgDxp_9bnpl_core5typess2_1__1__NtB6_19ArbitraryBillStatusNtCskPMauLczi1a_9arbitrary9Arbitrary9arbitrarys_0Ba_
FN:62,_RNCNvXNvNvNtCs79aPZ6VgDxp_9bnpl_core5typess3_1__1__NtB6_23ArbitraryBorrowingPowerNtCskPMauLczi1a_9arbitrary9Arbitrary19arbitrary_take_rests_0Ba_
FN:62,_RNCNvXNvNvNtCs79aPZ6VgDxp_9bnpl_core5typess3_1__1__NtB6_23ArbitraryBorrowingPowerNtCskPMauLczi1a_9arbitrary9Arbitrary9arbitrarys_0Ba_
FN:75,_RNCNvXNvNvNtCs79aPZ6VgDxp_9bnpl_core5typess4_1__1__NtB6_30ArbitraryMerchantEnrolledEventNtCskPMauLczi1a_9arbitrary9Arbitrary19arbitrary_take_rests_0Ba_
FN:75,_RNCNvXNvNvNtCs79aPZ6VgDxp_9bnpl_core5typess4_1__1__NtB6_30ArbitraryMerchantEnrolledEventNtCskPMauLczi1a_9arbitrary9Arbitrary9arbitrarys_0Ba_
FN:84,_RNCNvXNvNvNtCs79aPZ6VgDxp_9bnpl_core5typess5_1__1__NtB6_35ArbitraryMerchantStatusUpdatedEventNtCskPMauLczi1a_9arbitrary9Arbitrary19arbitrary_take_rests_0Ba_
FN:84,_RNCNvXNvNvNtCs79aPZ6VgDxp_9bnpl_core5typess5_1__1__NtB6_35ArbitraryMerchantStatusUpdatedEventNtCskPMauLczi1a_9arbitrary9Arbitrary9arbitrarys_0Ba_
FN:93,_RNCNvXNvNvNtCs79aPZ6VgDxp_9bnpl_core5typess6_1__1__NtB6_30ArbitraryPaymentCompletedEventNtCskPMauLczi1a_9arbitrary9Arbitrary19arbitrary_take_rests_0Ba_
FN:93,_RNCNvXNvNvNtCs79aPZ6VgDxp_9bnpl_core5typess6_1__1__NtB6_30ArbitraryPaymentCompletedEventNtCskPMauLczi1a_9arbitrary9Arbitrary9arbitrarys_0Ba_
FN:102,_RNCNvXNvNvNtCs79aPZ6VgDxp_9bnpl_core5typess7_1__1__NtB6_23ArbitraryRepaymentEventNtCskPMauLczi1a_9arbitrary9Arbitrary19arbitrary_take_rests_0Ba_
FN:102,_RNCNvXNvNvNtCs79aPZ6VgDxp_9bnpl_core5typess7_1__1__NtB6_23ArbitraryRepaymentEventNtCskPMauLczi1a_9arbitrary9Arbitrary9arbitrarys_0Ba_
FN:112,_RNCNvXNvNvNtCs79aPZ6VgDxp_9bnpl_core5typess8_1__1__NtB6_25ArbitraryBillCreatedEventNtCskPMauLczi1a_9arbitrary9Arbitrary19arbitrary_take_rests_0Ba_
FN:112,_RNCNvXNvNvNtCs79aPZ6VgDxp_9bnpl_core5typess8_1__1__NtB6_25ArbitraryBillCreatedEventNtCskPMauLczi1a_9arbitrary9Arbitrary9arbitrarys_0Ba_
FN:123,_RNCNvXNvNvNtCs79aPZ6VgDxp_9bnpl_core5typess9_1__1__NtB6_25ArbitraryLiquidationEventNtCskPMauLczi1a_9arbitrary9Arbitrary19arbitrary_take_rests_0Ba_
FN:123,_RNCNvXNvNvNtCs79aPZ6VgDxp_9bnpl_core5typess9_1__1__NtB6_25ArbitraryLiquidationEventNtCskPMauLczi1a_9arbitrary9Arbitrary9arbitrarys_0Ba_
FN:18,_RNCNvXNvNvNtCs79aPZ6VgDxp_9bnpl_core5typess_1__1__NtB6_21ArbitraryMerchantDataNtCskPMauLczi1a_9arbitrary9Arbitrary19arbitrary_take_rests_0Ba_
FN:18,_RNCNvXNvNvNtCs79aPZ6VgDxp_9bnpl_core5typess_1__1__NtB6_21ArbitraryMerchantDataNtCskPMauLczi1a_9arbitrary9Arbitrary9arbitrarys_0Ba_
FN:62,_RNvXs10_NtCs79aPZ6VgDxp_9bnpl_core5typesNtNtNtCs21mkQaKRCIX_11stellar_xdr4curr9generated5ScValINtNtCsd2KPTObkMr_4core7convert7TryFromRNtB6_14BorrowingPowerE8try_from
FN:93,_RNvXs1D_NtCs79aPZ6VgDxp_9bnpl_core5typesNtNtNtCs21mkQaKRCIX_11stellar_xdr4curr9generated5ScValINtNtCsd2KPTObkMr_4core7convert7TryFromRNtB6_21PaymentCompletedEventE8try_from
FN:102,_RNvXs1Q_NtCs79aPZ6VgDxp_9bnpl_core5typesNtNtNtCs21mkQaKRCIX_11stellar_xdr4curr9generated5ScValINtNtCsd2KPTObkMr_4core7convert7TryFromRNtB6_14RepaymentEventE8try_from
FN:75,_RNvXs1d_NtCs79aPZ6VgDxp_9bnpl_core5typesNtNtNtCs21mkQaKRCIX_11stellar_xdr4curr9generated5ScValINtNtCsd2KPTObkMr_4core7convert7TryFromRNtB6_21MerchantEnrolledEventE8try_from
FN:84,_RNvXs1q_NtCs79aPZ6VgDxp_9bnpl_core5typesNtNtNtCs21mkQaKRCIX_11stellar_xdr4curr9generated5ScValINtNtCsd2KPTObkMr_4core7convert7TryFromRNtB6_26MerchantStatusUpdatedEventE8try_from
FN:112,_RNvXs23_NtCs79aPZ6VgDxp_9bnpl_core5typesNtNtNtCs21mkQaKRCIX_11stellar_xdr4curr9generated5ScValINtNtCsd2KPTObkMr_4core7convert7TryFromRNtB6_16BillCreatedEventE8try_from
FN:123,_RNvXs2g_NtCs79aPZ6VgDxp_9bnpl_core5typesNtNtNtCs21mkQaKRCIX_11stellar_xdr4curr9generated5ScValINtNtCsd2KPTObkMr_4core7convert7TryFromRNtB6_16LiquidationEventE8try_from
FN:8,_RNvXs6_NtCs79aPZ6VgDxp_9bnpl_core5typesNtNtNtCs21mkQaKRCIX_11stellar_xdr4curr9generated5ScValINtNtCsd2KPTObkMr_4core7convert7TryFromRNtB5_6ConfigE8try_from
FN:36,_RNvXsD_NtCs79aPZ6VgDxp_9bnpl_core5typesNtNtNtCs21mkQaKRCIX_11stellar_xdr4curr9generated5ScValINtNtCsd2KPTObkMr_4core7convert7TryFromRNtB5_4BillE8try_from
FN:49,_RNvXsQ_NtCs79aPZ6VgDxp_9bnpl_core5typesNtNtNtCs21mkQaKRCIX_11stellar_xdr4curr9generated5ScValINtNtCsd2KPTObkMr_4core7convert7TryFromRNtB5_10BillStatusE8try_from
FN:18,_RNvXsg_NtCs79aPZ6VgDxp_9bnpl_core5typesNtNtNtCs21mkQaKRCIX_11stellar_xdr4curr9generated5ScValINtNtCsd2KPTObkMr_4core7convert7TryFromRNtB5_12MerchantDataE8try_from
FN:25,_RNvXst_NtCs79aPZ6VgDxp_9bnpl_core5typesNtNtNtCs21mkQaKRCIX_11stellar_xdr4curr9generated5ScValINtNtCsd2KPTObkMr_4core7convert7TryFromRNtB5_14MerchantStatusE8try_from
FNDA:0,_RNCNvXNvNvNtCs79aPZ6VgDxp_9bnpl_core5types1__1__NtB6_15ArbitraryConfigNtCskPMauLczi1a_9arbitrary9Arbitrary19arbitrary_take_rests_0Ba_
FNDA:0,_RNCNvXNvNvNtCs79aPZ6VgDxp_9bnpl_core5types1__1__NtB6_15ArbitraryConfigNtCskPMauLczi1a_9arbitrary9Arbitrary9arbitrarys_0Ba_
FNDA:0,_RNCNvXNvNvNtCs79aPZ6VgDxp_9bnpl_core5typess0_1__1__NtB6_23ArbitraryMerchantStatusNtCskPMauLczi1a_9arbitrary9Arbitrary19arbitrary_take_rests_0Ba_
FNDA:0,_RNCNvXNvNvNtCs79aPZ6VgDxp_9bnpl_core5typess0_1__1__NtB6_23ArbitraryMerchantStatusNtCskPMauLczi1a_9arbitrary9Arbitrary9arbitrarys_0Ba_
FNDA:0,_RNCNvXNvNvNtCs79aPZ6VgDxp_9bnpl_core5typess1_1__1__NtB6_13ArbitraryBillNtCskPMauLczi1a_9arbitrary9Arbitrary19arbitrary_take_rests_0Ba_
FNDA:0,_RNCNvXNvNvNtCs79aPZ6VgDxp_9bnpl_core5typess1_1__1__NtB6_13ArbitraryBillNtCskPMauLczi1a_9arbitrary9Arbitrary9arbitrarys_0Ba_
FNDA:0,_RNCNvXNvNvNtCs79aPZ6VgDxp_9bnpl_core5typess2_1__1__NtB6_19ArbitraryBillStatusNtCskPMauLczi1a_9arbitrary9Arbitrary19arbitrary_take_rests_0Ba_
FNDA:0,_RNCNvXNvNvNtCs79aPZ6VgDxp_9bnpl_core5typess2_1__1__NtB6_19ArbitraryBillStatusNtCskPMauLczi1a_9arbitrary9Arbitrary9arbitrarys_0Ba_
FNDA:0,_RNCNvXNvNvNtCs79aPZ6VgDxp_9bnpl_core5typess3_1__1__NtB6_23ArbitraryBorrowingPowerNtCskPMauLczi1a_9arbitrary9Arbitrary19arbitrary_take_rests_0Ba_
FNDA:0,_RNCNvXNvNvNtCs79aPZ6VgDxp_9bnpl_core5typess3_1__1__NtB6_23ArbitraryBorrowingPowerNtCskPMauLczi1a_9arbitrary9Arbitrary9arbitrarys_0Ba_
FNDA:0,_RNCNvXNvNvNtCs79aPZ6VgDxp_9bnpl_core5typess4_1__1__NtB6_30ArbitraryMerchantEnrolledEventNtCskPMauLczi1a_9arbitrary9Arbitrary19arbitrary_take_rests_0Ba_
FNDA:0,_RNCNvXNvNvNtCs79aPZ6VgDxp_9bnpl_core5typess4_1__1__NtB6_30ArbitraryMerchantEnrolledEventNtCskPMauLczi1a_9arbitrary9Arbitrary9arbitrarys_0Ba_
FNDA:0,_RNCNvXNvNvNtCs79aPZ6VgDxp_9bnpl_core5typess5_1__1__NtB6_35ArbitraryMerchantStatusUpdatedEventNtCskPMauLczi1a_9arbitrary9Arbitrary19arbitrary_take_rests_0Ba_
FNDA:0,_RNCNvXNvNvNtCs79aPZ6VgDxp_9bnpl_core5typess5_1__1__NtB6_35ArbitraryMerchantStatusUpdatedEventNtCskPMauLczi1a_9arbitrary9Arbitrary9arbitrarys_0Ba_
FNDA:0,_RNCNvXNvNvNtCs79aPZ6VgDxp_9bnpl_core5typess6_1__1__NtB6_30ArbitraryPaymentCompletedEventNtCskPMauLczi1a_9arbitrary9Arbitrary19arbitrary_take_rests_0Ba_
FNDA:0,_RNCNvXNvNvNtCs79aPZ6VgDxp_9bnpl_core5typess6_1__1__NtB6_30ArbitraryPaymentCompletedEventNtCskPMauLczi1a_9arbitrary9Arbitrary9arbitrarys_0Ba_
FNDA:0,_RNCNvXNvNvNtCs79aPZ6VgDxp_9bnpl_core5typess7_1__1__NtB6_23ArbitraryRepaymentEventNtCskPMauLczi1a_9arbitrary9Arbitrary19arbitrary_take_rests_0Ba_
FNDA:0,_RNCNvXNvNvNtCs79aPZ6VgDxp_9bnpl_core5typess7_1__1__NtB6_23ArbitraryRepaymentEventNtCskPMauLczi1a_9arbitrary9Arbitrary9arbitrarys_0Ba_
FNDA:0,_RNCNvXNvNvNtCs79aPZ6VgDxp_9bnpl_core5typess8_1__1__NtB6_25ArbitraryBillCreatedEventNtCskPMauLczi1a_9arbitrary9Arbitrary19arbitrary_take_rests_0Ba_
FNDA:0,_RNCNvXNvNvNtCs79aPZ6VgDxp_9bnpl_core5typess8_1__1__NtB6_25ArbitraryBillCreatedEventNtCskPMauLczi1a_9arbitrary9Arbitrary9arbitrarys_0Ba_
FNDA:0,_RNCNvXNvNvNtCs79aPZ6VgDxp_9bnpl_core5typess9_1__1__NtB6_25ArbitraryLiquidationEventNtCskPMauLczi1a_9arbitrary9Arbitrary19arbitrary_take_rests_0Ba_
FNDA:0,_RNCNvXNvNvNtCs79aPZ6VgDxp_9bnpl_core5typess9_1__1__NtB6_25ArbitraryLiquidationEventNtCskPMauLczi1a_9arbitrary9Arbitrary9arbitrarys_0Ba_
FNDA:0,_RNCNvXNvNvNtCs79aPZ6VgDxp_9bnpl_core5typess_1__1__NtB6_21ArbitraryMerchantDataNtCskPMauLczi1a_9arbitrary9Arbitrary19arbitrary_take_rests_0Ba_
FNDA:0,_RNCNvXNvNvNtCs79aPZ6VgDxp_9bnpl_core5typess_1__1__NtB6_21ArbitraryMerchantDataNtCskPMauLczi1a_9arbitrary9Arbitrary9arbitrarys_0Ba_
FNDA:0,_RNvXs10_NtCs79aPZ6VgDxp_9bnpl_core5typesNtNtNtCs21mkQaKRCIX_11stellar_xdr4curr9generated5ScValINtNtCsd2KPTObkMr_4core7convert7TryFromRNtB6_14BorrowingPowerE8try_from
FNDA:0,_RNvXs1D_NtCs79aPZ6VgDxp_9bnpl_core5typesNtNtNtCs21mkQaKRCIX_11stellar_xdr4curr9generated5ScValINtNtCsd2KPTObkMr_4core7convert7TryFromRNtB6_21PaymentCompletedEventE8try_from
FNDA:0,_RNvXs1Q_NtCs79aPZ6VgDxp_9bnpl_core5typesNtNtNtCs21mkQaKRCIX_11stellar_xdr4curr9generated5ScValINtNtCsd2KPTObkMr_4core7convert7TryFromRNtB6_14RepaymentEventE8try_from
FNDA:0,_RNvXs1d_NtCs79aPZ6VgDxp_9bnpl_core5typesNtNtNtCs21mkQaKRCIX_11stellar_xdr4curr9generated5ScValINtNtCsd2KPTObkMr_4core7convert7TryFromRNtB6_21MerchantEnrolledEventE8try_from
FNDA:0,_RNvXs1q_NtCs79aPZ6VgDxp_9bnpl_core5typesNtNtNtCs21mkQaKRCIX_11stellar_xdr4curr9generated5ScValINtNtCsd2KPTObkMr_4core7convert7TryFromRNtB6_26MerchantStatusUpdatedEventE8try_from
FNDA:0,_RNvXs23_NtCs79aPZ6VgDxp_9bnpl_core5typesNtNtNtCs21mkQaKRCIX_11stellar_xdr4curr9generated5ScValINtNtCsd2KPTObkMr_4core7convert7TryFromRNtB6_16BillCreatedEventE8try_from
FNDA:0,_RNvXs2g_NtCs79aPZ6VgDxp_9bnpl_core5typesNtNtNtCs21mkQaKRCIX_11stellar_xdr4curr9generated5ScValINtNtCsd2KPTObkMr_4core7convert7TryFromRNtB6_16LiquidationEventE8try_from
FNDA:0,_RNvXs6_NtCs79aPZ6VgDxp_9bnpl_core5typesNtNtNtCs21mkQaKRCIX_11stellar_xdr4curr9generated5ScValINtNtCsd2KPTObkMr_4core7convert7TryFromRNtB5_6ConfigE8try_from
FNDA:0,_RNvXsD_NtCs79aPZ6VgDxp_9bnpl_core5typesNtNtNtCs21mkQaKRCIX_11stellar_xdr4curr9generated5ScValINtNtCsd2KPTObkMr_4core7convert7TryFromRNtB5_4BillE8try_from
FNDA:0,_RNvXsQ_NtCs79aPZ6VgDxp_9bnpl_core5typesNtNtNtCs21mkQaKRCIX_11stellar_xdr4curr9generated5ScValINtNtCsd2KPTObkMr_4core7convert7TryFromRNtB5_10BillStatusE8try_from
FNDA:0,_RNvXsg_NtCs79aPZ6VgDxp_9bnpl_core5typesNtNtNtCs21mkQaKRCIX_11stellar_xdr4curr9generated5ScValINtNtCsd2KPTObkMr_4core7convert7TryFromRNtB5_12MerchantDataE8try_from
FNDA:0,_RNvXst_NtCs79aPZ6VgDxp_9bnpl_core5typesNtNtNtCs21mkQaKRCIX_11stellar_xdr4curr9generated5ScValINtNtCsd2KPTObkMr_4core7convert7TryFromRNtB5_14MerchantStatusE8try_from
FNF:12
FNH:0
DA:8,0
DA:18,0
DA:25,0
DA:36,0
DA:49,0
DA:62,0
DA:75,0
DA:84,0
DA:93,0
DA:102,0
DA:112,0
DA:123,0
BRF:0
BRH:0
LF:12
LH:0
end_of_record
SF:/Users/sangwon0001/Projects/LumenLater/bnpl/workspace/bnpl_core_interface/src/lib.rs
FN:8,_RNCNvXNvNvCsim634gpUIfA_19bnpl_core_interface1__1__NtB6_23ArbitraryBorrowingPowerNtCskPMauLczi1a_9arbitrary9Arbitrary19arbitrary_take_rests_0B8_
FN:8,_RNCNvXNvNvCsim634gpUIfA_19bnpl_core_interface1__1__NtB6_23ArbitraryBorrowingPowerNtCskPMauLczi1a_9arbitrary9Arbitrary9arbitrarys_0B8_
FN:8,_RNvXs6_Csim634gpUIfA_19bnpl_core_interfaceNtNtNtCs21mkQaKRCIX_11stellar_xdr4curr9generated5ScValINtNtCsd2KPTObkMr_4core7convert7TryFromRNtB5_14BorrowingPowerE8try_from
FN:8,_RNCNvXNvNvCs3mJPLQpNrHE_19bnpl_core_interface1__1__NtB6_23ArbitraryBorrowingPowerNtCskPMauLczi1a_9arbitrary9Arbitrary19arbitrary_take_rests_0B8_
FN:8,_RNCNvXNvNvCs3mJPLQpNrHE_19bnpl_core_interface1__1__NtB6_23ArbitraryBorrowingPowerNtCskPMauLczi1a_9arbitrary9Arbitrary9arbitrarys_0B8_
FN:8,_RNvXs6_Cs3mJPLQpNrHE_19bnpl_core_interfaceNtNtNtCs21mkQaKRCIX_11stellar_xdr4curr9generated5ScValINtNtCsd2KPTObkMr_4core7convert7TryFromRNtB5_14BorrowingPowerE8try_from
FNDA:0,_RNCNvXNvNvCsim634gpUIfA_19bnpl_core_interface1__1__NtB6_23ArbitraryBorrowingPowerNtCskPMauLczi1a_9arbitrary9Arbitrary19arbitrary_take_rests_0B8_
FNDA:0,_RNCNvXNvNvCsim634gpUIfA_19bnpl_core_interface1__1__NtB6_23ArbitraryBorrowingPowerNtCskPMauLczi1a_9arbitrary9Arbitrary9arbitrarys_0B8_
FNDA:0,_RNvXs6_Csim634gpUIfA_19bnpl_core_interfaceNtNtNtCs21mkQaKRCIX_11stellar_xdr4curr9generated5ScValINtNtCsd2KPTObkMr_4core7convert7TryFromRNtB5_14BorrowingPowerE8try_from
FNDA:0,_RNCNvXNvNvCs3mJPLQpNrHE_19bnpl_core_interface1__1__NtB6_23ArbitraryBorrowingPowerNtCskPMauLczi1a_9arbitrary9Arbitrary19arbitrary_take_rests_0B8_
FNDA:0,_RNCNvXNvNvCs3mJPLQpNrHE_19bnpl_core_interface1__1__NtB6_23ArbitraryBorrowingPowerNtCskPMauLczi1a_9arbitrary9Arbitrary9arbitrarys_0B8_
FNDA:0,_RNvXs6_Cs3mJPLQpNrHE_19bnpl_core_interfaceNtNtNtCs21mkQaKRCIX_11stellar_xdr4curr9generated5ScValINtNtCsd2KPTObkMr_4core7convert7TryFromRNtB5_14BorrowingPowerE8try_from
FNF:1
FNH:0
DA:8,0
BRF:0
BRH:0
LF:1
LH:0
end_of_record
SF:/Users/sangwon0001/Projects/LumenLater/bnpl/workspace/lp_token/src/lib.rs
FN:57,_RNvMs3_Csk9xX6U0d9TJ_8lp_tokenNtB5_7LpToken10apply_lazy
FN:63,_RNvMs3_Csk9xX6U0d9TJ_8lp_tokenNtB5_7LpToken10initialize
FN:44,_RNvMs3_Csk9xX6U0d9TJ_8lp_tokenNtB5_7LpToken10load_state
FN:52,_RNvMs3_Csk9xX6U0d9TJ_8lp_tokenNtB5_7LpToken10save_state
FN:15,_RNvMs3_Csk9xX6U0d9TJ_8lp_tokenNtB5_7LpToken11do_transfer
FN:388,_RNvMs3_Csk9xX6U0d9TJ_8lp_tokenNtB5_7LpToken12total_supply
FN:84,_RNvMs3_Csk9xX6U0d9TJ_8lp_tokenNtB5_7LpToken12update_index
FN:190,_RNvMs3_Csk9xX6U0d9TJ_8lp_tokenNtB5_7LpToken13exchange_rate
FN:214,_RNvMs3_Csk9xX6U0d9TJ_8lp_tokenNtB5_7LpToken13get_bnpl_core
FN:207,_RNvMs3_Csk9xX6U0d9TJ_8lp_tokenNtB5_7LpToken13set_bnpl_core
FN:262,_RNvMs3_Csk9xX6U0d9TJ_8lp_tokenNtB5_7LpToken14total_borrowed
FN:271,_RNvMs3_Csk9xX6U0d9TJ_8lp_tokenNtB5_7LpToken15repay_with_burn
FN:363,_RNvMs3_Csk9xX6U0d9TJ_8lp_tokenNtB5_7LpToken16get_balance_info
FN:200,_RNvMs3_Csk9xX6U0d9TJ_8lp_tokenNtB5_7LpToken16total_underlying
FN:195,_RNvMs3_Csk9xX6U0d9TJ_8lp_tokenNtB5_7LpToken16underlying_asset
FN:351,_RNvMs3_Csk9xX6U0d9TJ_8lp_tokenNtB5_7LpToken17available_balance
FN:319,_RNvMs3_Csk9xX6U0d9TJ_8lp_tokenNtB5_7LpToken17utilization_ratio
FN:334,_RNvMs3_Csk9xX6U0d9TJ_8lp_tokenNtB5_7LpToken18get_locked_balance
FN:371,_RNvMs3_Csk9xX6U0d9TJ_8lp_tokenNtB5_7LpToken4mint
FN:40,_RNvMs3_Csk9xX6U0d9TJ_8lp_tokenNtB5_7LpToken5index
FN:237,_RNvMs3_Csk9xX6U0d9TJ_8lp_tokenNtB5_7LpToken5repay
FN:219,_RNvMs3_Csk9xX6U0d9TJ_8lp_tokenNtB5_7LpToken6borrow
FN:36,_RNvMs3_Csk9xX6U0d9TJ_8lp_tokenNtB5_7LpToken6supply
FN:117,_RNvMs3_Csk9xX6U0d9TJ_8lp_tokenNtB5_7LpToken7deposit
FN:384,_RNvMs3_Csk9xX6U0d9TJ_8lp_tokenNtB5_7LpToken8metadata
FN:152,_RNvMs3_Csk9xX6U0d9TJ_8lp_tokenNtB5_7LpToken8withdraw
FN:422,_RNvXsq_Csk9xX6U0d9TJ_8lp_tokenNtB5_7LpTokenNtNtCshvYYXIyoPZW_11soroban_sdk5token14TokenInterface13transfer_from
FN:432,_RNvXsq_Csk9xX6U0d9TJ_8lp_tokenNtB5_7LpTokenNtNtCshvYYXIyoPZW_11soroban_sdk5token14TokenInterface4burn
FN:476,_RNvXsq_Csk9xX6U0d9TJ_8lp_tokenNtB5_7LpTokenNtNtCshvYYXIyoPZW_11soroban_sdk5token14TokenInterface4name
FN:481,_RNvXsq_Csk9xX6U0d9TJ_8lp_tokenNtB5_7LpTokenNtNtCshvYYXIyoPZW_11soroban_sdk5token14TokenInterface6symbol
FN:408,_RNvXsq_Csk9xX6U0d9TJ_8lp_tokenNtB5_7LpTokenNtNtCshvYYXIyoPZW_11soroban_sdk5token14TokenInterface7approve
FN:395,_RNvXsq_Csk9xX6U0d9TJ_8lp_tokenNtB5_7LpTokenNtNtCshvYYXIyoPZW_11soroban_sdk5token14TokenInterface7balance
FN:472,_RNvXsq_Csk9xX6U0d9TJ_8lp_tokenNtB5_7LpTokenNtNtCshvYYXIyoPZW_11soroban_sdk5token14TokenInterface8decimals
FN:417,_RNvXsq_Csk9xX6U0d9TJ_8lp_tokenNtB5_7LpTokenNtNtCshvYYXIyoPZW_11soroban_sdk5token14TokenInterface8transfer
FN:403,_RNvXsq_Csk9xX6U0d9TJ_8lp_tokenNtB5_7LpTokenNtNtCshvYYXIyoPZW_11soroban_sdk5token14TokenInterface9allowance
FN:449,_RNvXsq_Csk9xX6U0d9TJ_8lp_tokenNtB5_7LpTokenNtNtCshvYYXIyoPZW_11soroban_sdk5token14TokenInterface9burn_from
FNDA:34,_RNvMs3_Csk9xX6U0d9TJ_8lp_tokenNtB5_7LpToken10apply_lazy
FNDA:24,_RNvMs3_Csk9xX6U0d9TJ_8lp_tokenNtB5_7LpToken10initialize
FNDA:70,_RNvMs3_Csk9xX6U0d9TJ_8lp_tokenNtB5_7LpToken10load_state
FNDA:30,_RNvMs3_Csk9xX6U0d9TJ_8lp_tokenNtB5_7LpToken10save_state
FNDA:5,_RNvMs3_Csk9xX6U0d9TJ_8lp_tokenNtB5_7LpToken11do_transfer
FNDA:9,_RNvMs3_Csk9xX6U0d9TJ_8lp_tokenNtB5_7LpToken12total_supply
FNDA:12,_RNvMs3_Csk9xX6U0d9TJ_8lp_tokenNtB5_7LpToken12update_index
FNDA:1,_RNvMs3_Csk9xX6U0d9TJ_8lp_tokenNtB5_7LpToken13exchange_rate
FNDA:2,_RNvMs3_Csk9xX6U0d9TJ_8lp_tokenNtB5_7LpToken13get_bnpl_core
FNDA:10,_RNvMs3_Csk9xX6U0d9TJ_8lp_tokenNtB5_7LpToken13set_bnpl_core
FNDA:21,_RNvMs3_Csk9xX6U0d9TJ_8lp_tokenNtB5_7LpToken14total_borrowed
FNDA:1,_RNvMs3_Csk9xX6U0d9TJ_8lp_tokenNtB5_7LpToken15repay_with_burn
FNDA:1,_RNvMs3_Csk9xX6U0d9TJ_8lp_tokenNtB5_7LpToken16get_balance_info
FNDA:16,_RNvMs3_Csk9xX6U0d9TJ_8lp_tokenNtB5_7LpToken16total_underlying
FNDA:1,_RNvMs3_Csk9xX6U0d9TJ_8lp_tokenNtB5_7LpToken16underlying_asset
FNDA:16,_RNvMs3_Csk9xX6U0d9TJ_8lp_tokenNtB5_7LpToken17available_balance
FNDA:3,_RNvMs3_Csk9xX6U0d9TJ_8lp_tokenNtB5_7LpToken17utilization_ratio
FNDA:20,_RNvMs3_Csk9xX6U0d9TJ_8lp_tokenNtB5_7LpToken18get_locked_balance
FNDA:11,_RNvMs3_Csk9xX6U0d9TJ_8lp_tokenNtB5_7LpToken4mint
FNDA:85,_RNvMs3_Csk9xX6U0d9TJ_8lp_tokenNtB5_7LpToken5index
FNDA:1,_RNvMs3_Csk9xX6U0d9TJ_8lp_tokenNtB5_7LpToken5repay
FNDA:3,_RNvMs3_Csk9xX6U0d9TJ_8lp_tokenNtB5_7LpToken6borrow
FNDA:40,_RNvMs3_Csk9xX6U0d9TJ_8lp_tokenNtB5_7LpToken6supply
FNDA:9,_RNvMs3_Csk9xX6U0d9TJ_8lp_tokenNtB5_7LpToken7deposit
FNDA:1,_RNvMs3_Csk9xX6U0d9TJ_8lp_tokenNtB5_7LpToken8metadata
FNDA:3,_RNvMs3_Csk9xX6U0d9TJ_8lp_tokenNtB5_7LpToken8withdraw
FNDA:1,_RNvXsq_Csk9xX6U0d9TJ_8lp_tokenNtB5_7LpTokenNtNtCshvYYXIyoPZW_11soroban_sdk5token14TokenInterface13transfer_from
FNDA:3,_RNvXsq_Csk9xX6U0d9TJ_8lp_tokenNtB5_7LpTokenNtNtCshvYYXIyoPZW_11soroban_sdk5token14TokenInterface4burn
FNDA:1,_RNvXsq_Csk9xX6U0d9TJ_8lp_tokenNtB5_7LpTokenNtNtCshvYYXIyoPZW_11soroban_sdk5token14TokenInterface4name
FNDA:1,_RNvXsq_Csk9xX6U0d9TJ_8lp_tokenNtB5_7LpTokenNtNtCshvYYXIyoPZW_11soroban_sdk5token14TokenInterface6symbol
FNDA:5,_RNvXsq_Csk9xX6U0d9TJ_8lp_tokenNtB5_7LpTokenNtNtCshvYYXIyoPZW_11soroban_sdk5token14TokenInterface7approve
FNDA:40,_RNvXsq_Csk9xX6U0d9TJ_8lp_tokenNtB5_7LpTokenNtNtCshvYYXIyoPZW_11soroban_sdk5token14TokenInterface7balance
FNDA:1,_RNvXsq_Csk9xX6U0d9TJ_8lp_tokenNtB5_7LpTokenNtNtCshvYYXIyoPZW_11soroban_sdk5token14TokenInterface8decimals
FNDA:4,_RNvXsq_Csk9xX6U0d9TJ_8lp_tokenNtB5_7LpTokenNtNtCshvYYXIyoPZW_11soroban_sdk5token14TokenInterface8transfer
FNDA:5,_RNvXsq_Csk9xX6U0d9TJ_8lp_tokenNtB5_7LpTokenNtNtCshvYYXIyoPZW_11soroban_sdk5token14TokenInterface9allowance
FNDA:2,_RNvXsq_Csk9xX6U0d9TJ_8lp_tokenNtB5_7LpTokenNtNtCshvYYXIyoPZW_11soroban_sdk5token14TokenInterface9burn_from
FNF:36
FNH:36
DA:15,5
DA:17,5
DA:18,5
DA:20,4
DA:22,4
DA:23,4
DA:25,4
DA:26,4
DA:28,4
DA:29,4
DA:30,4
DA:31,4
DA:33,4
DA:34,4
DA:36,40
DA:37,40
DA:38,40
DA:40,85
DA:41,85
DA:42,85
DA:44,70
DA:45,70
DA:46,70
DA:47,70
DA:48,70
DA:49,70
DA:50,70
DA:52,30
DA:53,30
DA:54,30
DA:55,30
DA:57,34
DA:58,34
DA:59,34
DA:60,34
DA:61,34
DA:63,24
DA:64,24
DA:65,24
DA:66,24
DA:67,24
DA:68,24
DA:69,24
DA:70,24
DA:71,24
DA:72,24
DA:74,24
DA:76,24
DA:84,12
DA:86,12
DA:89,12
DA:92,12
DA:94,12
DA:95,7
DA:96,5
DA:99,5
DA:100,5
DA:101,0
DA:102,5
DA:104,5
DA:107,5
DA:110,5
DA:111,3
DA:112,3
DA:113,3
DA:114,12
DA:117,9
DA:118,9
DA:121,9
DA:124,9
DA:125,9
DA:128,9
DA:131,9
DA:132,9
DA:135,9
DA:138,9
DA:139,9
DA:142,9
DA:143,9
DA:145,9
DA:148,9
DA:149,9
DA:152,3
DA:153,3
DA:156,3
DA:157,3
DA:160,2
DA:161,2
DA:164,2
DA:165,2
DA:166,2
DA:168,2
DA:171,2
DA:174,2
DA:175,2
DA:178,2
DA:179,2
DA:181,2
DA:184,2
DA:186,2
DA:187,2
DA:190,1
DA:191,1
DA:192,1
DA:195,1
DA:196,1
DA:197,1
DA:200,16
DA:201,16
DA:202,16
DA:203,16
DA:204,16
DA:207,10
DA:208,10
DA:209,10
DA:210,10
DA:211,10
DA:214,2
DA:215,2
DA:216,2
DA:219,3
DA:221,3
DA:222,3
DA:225,3
DA:228,3
DA:231,3
DA:232,3
DA:233,3
DA:234,3
DA:237,1
DA:239,1
DA:240,1
DA:243,1
DA:246,1
DA:247,0
DA:249,1
DA:253,1
DA:256,1
DA:257,1
DA:258,1
DA:259,1
DA:262,21
DA:263,21
DA:264,21
DA:271,1
DA:273,1
DA:274,1
DA:277,1
DA:280,1
DA:281,1
DA:284,1
DA:285,1
DA:288,1
DA:289,1
DA:292,1
DA:293,1
DA:295,1
DA:298,1
DA:299,1
DA:300,0
DA:302,1
DA:304,1
DA:307,1
DA:308,1
DA:309,1
DA:310,1
DA:311,1
DA:312,1
DA:313,1
DA:314,1
DA:315,1
DA:319,3
DA:320,3
DA:321,3
DA:322,3
DA:324,3
DA:325,0
DA:326,3
DA:329,3
DA:330,3
DA:334,20
DA:336,20
DA:337,10
DA:338,10
DA:342,10
DA:343,10
DA:346,10
DA:347,20
DA:351,16
DA:352,16
DA:353,16
DA:355,16
DA:356,16
DA:358,0
DA:360,16
DA:363,1
DA:364,1
DA:365,1
DA:366,1
DA:368,1
DA:369,1
DA:371,11
DA:372,11
DA:373,11
DA:375,11
DA:376,11
DA:377,11
DA:378,11
DA:379,11
DA:380,11
DA:381,11
DA:382,11
DA:384,1
DA:385,1
DA:386,1
DA:388,9
DA:389,9
DA:390,9
DA:395,40
DA:396,40
DA:397,40
DA:398,40
DA:400,40
DA:401,40
DA:403,5
DA:404,5
DA:405,5
DA:406,5
DA:408,5
DA:409,5
DA:411,5
DA:412,5
DA:413,5
DA:414,5
DA:415,5
DA:417,4
DA:418,4
DA:419,4
DA:420,4
DA:422,1
DA:423,1
DA:424,1
DA:425,1
DA:426,1
DA:427,1
DA:428,1
DA:429,1
DA:430,1
DA:432,3
DA:433,3
DA:436,3
DA:437,3
DA:439,2
DA:440,2
DA:441,2
DA:442,2
DA:443,2
DA:444,2
DA:445,2
DA:446,2
DA:447,2
DA:449,2
DA:450,2
DA:453,2
DA:454,2
DA:456,1
DA:457,1
DA:458,1
DA:459,1
DA:460,1
DA:462,1
DA:463,1
DA:464,1
DA:465,1
DA:466,1
DA:467,1
DA:468,1
DA:469,1
DA:470,1
DA:472,1
DA:473,1
DA:474,1
DA:476,1
DA:477,1
DA:478,1
DA:479,1
DA:481,1
DA:482,1
DA:483,1
DA:484,1
BRF:0
BRH:0
LF:290
LH:285
end_of_record
SF:/Users/sangwon0001/Projects/LumenLater/bnpl/workspace/lp_token/src/tests.rs
FN:22,_RNvMs3_NtCsk9xX6U0d9TJ_8lp_token5testsNtB5_12MockBnplCore19get_user_total_debt
FN:12,_RNvMs3_NtCsk9xX6U0d9TJ_8lp_token5testsNtB5_12MockBnplCore28get_user_required_collateral
FN:762,_RNvNtCsk9xX6U0d9TJ_8lp_token5testss_13test_metadata
FN:566,_RNvNtCsk9xX6U0d9TJ_8lp_token5testss_14test_burn_from
FN:721,_RNvNtCsk9xX6U0d9TJ_8lp_token5testss_17test_total_supply
FN:400,_RNvNtCsk9xX6U0d9TJ_8lp_token5testss_18test_set_bnpl_core
FN:526,_RNvNtCsk9xX6U0d9TJ_8lp_token5testss_18test_transfer_from
FN:892,_RNvNtCsk9xX6U0d9TJ_8lp_token5testss_20test_repay_with_burn
FN:166,_RNvNtCsk9xX6U0d9TJ_8lp_token5testss_20test_simple_transfer
FN:698,_RNvNtCsk9xX6U0d9TJ_8lp_token5testss_21test_underlying_asset
FN:604,_RNvNtCsk9xX6U0d9TJ_8lp_token5testss_23test_metadata_functions
FN:116,_RNvNtCsk9xX6U0d9TJ_8lp_token5testss_23test_rebasing_mechanism
FN:78,_RNvNtCsk9xX6U0d9TJ_8lp_token5testss_25test_deposit_and_withdraw
FN:492,_RNvNtCsk9xX6U0d9TJ_8lp_token5testss_26test_approve_and_allowance
FN:350,_RNvNtCsk9xX6U0d9TJ_8lp_token5testss_26test_borrow_repay_tracking
FN:55,_RNvNtCsk9xX6U0d9TJ_8lp_token5testss_28test_lp_token_initialization
FN:631,_RNvNtCsk9xX6U0d9TJ_8lp_token5testss_29test_burn_with_locked_balance
FN:788,_RNvNtCsk9xX6U0d9TJ_8lp_token5testss_31test_total_supply_with_rebasing
FN:428,_RNvNtCsk9xX6U0d9TJ_8lp_token5testss_32test_locked_balance_without_bnpl
FN:663,_RNvNtCsk9xX6U0d9TJ_8lp_token5testss_34test_burn_from_with_locked_balance
FN:268,_RNvNtCsk9xX6U0d9TJ_8lp_token5testss_37test_locked_balance_prevents_transfer
FN:198,_RNvNtCsk9xX6U0d9TJ_8lp_token5testss_37test_locked_balance_prevents_withdraw
FN:840,_RNvNtCsk9xX6U0d9TJ_8lp_token5testss_38test_update_index_with_borrowed_amount
FN:314,_RNvNtCsk9xX6U0d9TJ_8lp_token5testss_40test_transfer_exceeding_available_panics
FN:236,_RNvNtCsk9xX6U0d9TJ_8lp_token5testss_40test_withdraw_exceeding_available_panics
FN:462,_RNvNtCsk9xX6U0d9TJ_8lp_token5testss_9test_burn
FNDA:0,_RNvMs3_NtCsk9xX6U0d9TJ_8lp_token5testsNtB5_12MockBnplCore19get_user_total_debt
FNDA:10,_RNvMs3_NtCsk9xX6U0d9TJ_8lp_token5testsNtB5_12MockBnplCore28get_user_required_collateral
FNDA:1,_RNvNtCsk9xX6U0d9TJ_8lp_token5testss_13test_metadata
FNDA:1,_RNvNtCsk9xX6U0d9TJ_8lp_token5testss_14test_burn_from
FNDA:1,_RNvNtCsk9xX6U0d9TJ_8lp_token5testss_17test_total_supply
FNDA:1,_RNvNtCsk9xX6U0d9TJ_8lp_token5testss_18test_set_bnpl_core
FNDA:1,_RNvNtCsk9xX6U0d9TJ_8lp_token5testss_18test_transfer_from
FNDA:1,_RNvNtCsk9xX6U0d9TJ_8lp_token5testss_20test_repay_with_burn
FNDA:1,_RNvNtCsk9xX6U0d9TJ_8lp_token5testss_20test_simple_transfer
FNDA:1,_RNvNtCsk9xX6U0d9TJ_8lp_token5testss_21test_underlying_asset
FNDA:1,_RNvNtCsk9xX6U0d9TJ_8lp_token5testss_23test_metadata_functions
FNDA:1,_RNvNtCsk9xX6U0d9TJ_8lp_token5testss_23test_rebasing_mechanism
FNDA:1,_RNvNtCsk9xX6U0d9TJ_8lp_token5testss_25test_deposit_and_withdraw
FNDA:1,_RNvNtCsk9xX6U0d9TJ_8lp_token5testss_26test_approve_and_allowance
FNDA:1,_RNvNtCsk9xX6U0d9TJ_8lp_token5testss_26test_borrow_repay_tracking
FNDA:1,_RNvNtCsk9xX6U0d9TJ_8lp_token5testss_28test_lp_token_initialization
FNDA:1,_RNvNtCsk9xX6U0d9TJ_8lp_token5testss_29test_burn_with_locked_balance
FNDA:1,_RNvNtCsk9xX6U0d9TJ_8lp_token5testss_31test_total_supply_with_rebasing
FNDA:1,_RNvNtCsk9xX6U0d9TJ_8lp_token5testss_32test_locked_balance_without_bnpl
FNDA:1,_RNvNtCsk9xX6U0d9TJ_8lp_token5testss_34test_burn_from_with_locked_balance
FNDA:1,_RNvNtCsk9xX6U0d9TJ_8lp_token5testss_37test_locked_balance_prevents_transfer
FNDA:1,_RNvNtCsk9xX6U0d9TJ_8lp_token5testss_37test_locked_balance_prevents_withdraw
FNDA:1,_RNvNtCsk9xX6U0d9TJ_8lp_token5testss_38test_update_index_with_borrowed_amount
FNDA:1,_RNvNtCsk9xX6U0d9TJ_8lp_token5testss_40test_transfer_exceeding_available_panics
FNDA:1,_RNvNtCsk9xX6U0d9TJ_8lp_token5testss_40test_withdraw_exceeding_available_panics
FNDA:1,_RNvNtCsk9xX6U0d9TJ_8lp_token5testss_9test_burn
FNF:26
FNH:25
DA:12,10
DA:15,10
DA:16,10
DA:18,0
DA:20,10
DA:22,0
DA:23,0
DA:24,0
DA:55,1
DA:56,1
DA:57,1
DA:59,1
DA:60,1
DA:62,1
DA:63,1
DA:65,1
DA:66,1
DA:67,1
DA:68,1
DA:69,1
DA:71,1
DA:74,1
DA:75,1
DA:78,1
DA:79,1
DA:80,1
DA:82,1
DA:83,1
DA:86,1
DA:87,1
DA:90,1
DA:91,1
DA:93,1
DA:94,1
DA:95,1
DA:96,1
DA:97,1
DA:99,1
DA:102,1
DA:105,1
DA:106,1
DA:107,1
DA:110,1
DA:111,1
DA:112,1
DA:113,1
DA:116,1
DA:117,1
DA:118,1
DA:120,1
DA:121,1
DA:122,1
DA:125,1
DA:126,1
DA:129,1
DA:130,1
DA:132,1
DA:133,1
DA:134,1
DA:135,1
DA:136,1
DA:138,1
DA:141,1
DA:142,1
DA:143,1
DA:146,1
DA:147,1
DA:150,1
DA:151,1
DA:154,1
DA:155,1
DA:158,1
DA:161,1
DA:162,1
DA:163,1
DA:166,1
DA:167,1
DA:168,1
DA:170,1
DA:171,1
DA:172,1
DA:175,1
DA:176,1
DA:177,1
DA:179,1
DA:180,1
DA:181,1
DA:182,1
DA:183,1
DA:185,1
DA:188,1
DA:189,1
DA:192,1
DA:193,1
DA:194,1
DA:195,1
DA:198,1
DA:199,1
DA:200,1
DA:202,1
DA:203,1
DA:206,1
DA:207,1
DA:208,1
DA:209,1
DA:211,1
DA:212,1
DA:213,1
DA:214,1
DA:215,1
DA:217,1
DA:218,1
DA:221,1
DA:222,1
DA:223,1
DA:226,1
DA:227,1
DA:230,1
DA:231,1
DA:232,1
DA:236,1
DA:237,1
DA:238,1
DA:240,1
DA:241,1
DA:244,1
DA:245,1
DA:246,1
DA:247,1
DA:249,1
DA:250,1
DA:251,1
DA:252,1
DA:253,1
DA:255,1
DA:256,1
DA:259,1
DA:260,1
DA:261,1
DA:264,1
DA:265,1
DA:268,1
DA:269,1
DA:270,1
DA:272,1
DA:273,1
DA:275,1
DA:277,2
DA:278,1
DA:279,1
DA:282,1
DA:283,1
DA:284,1
DA:285,1
DA:287,1
DA:288,1
DA:289,1
DA:290,1
DA:291,1
DA:293,1
DA:294,1
DA:297,1
DA:300,1
DA:301,1
DA:302,1
DA:305,1
DA:308,1
DA:309,1
DA:310,1
DA:314,1
DA:315,1
DA:316,1
DA:318,1
DA:319,1
DA:321,1
DA:323,2
DA:324,1
DA:325,1
DA:328,1
DA:329,1
DA:330,1
DA:331,1
DA:333,1
DA:334,1
DA:335,1
DA:336,1
DA:337,1
DA:339,1
DA:340,1
DA:343,1
DA:346,1
DA:347,1
DA:350,1
DA:351,1
DA:352,1
DA:354,1
DA:355,1
DA:356,1
DA:359,1
DA:360,1
DA:361,1
DA:362,1
DA:363,1
DA:365,1
DA:366,1
DA:367,1
DA:368,1
DA:369,1
DA:371,1
DA:372,1
DA:375,1
DA:376,1
DA:379,1
DA:380,1
DA:383,1
DA:384,1
DA:387,1
DA:390,1
DA:391,1
DA:392,1
DA:393,1
DA:396,1
DA:397,1
DA:400,1
DA:401,1
DA:402,1
DA:404,1
DA:405,1
DA:406,1
DA:408,1
DA:409,1
DA:411,1
DA:412,1
DA:413,1
DA:414,1
DA:415,1
DA:417,1
DA:420,1
DA:423,1
DA:424,1
DA:425,1
DA:428,1
DA:429,1
DA:430,1
DA:432,1
DA:433,1
DA:434,1
DA:436,1
DA:437,1
DA:439,1
DA:440,1
DA:441,1
DA:442,1
DA:443,1
DA:445,1
DA:448,1
DA:451,1
DA:452,1
DA:455,1
DA:456,1
DA:457,1
DA:458,1
DA:459,1
DA:462,1
DA:463,1
DA:464,1
DA:466,1
DA:467,1
DA:468,1
DA:470,1
DA:471,1
DA:472,1
DA:474,1
DA:475,1
DA:476,1
DA:477,1
DA:478,1
DA:480,1
DA:483,1
DA:484,1
DA:487,1
DA:488,1
DA:489,1
DA:492,1
DA:493,1
DA:494,1
DA:496,1
DA:497,1
DA:498,1
DA:499,1
DA:501,1
DA:502,1
DA:503,1
DA:505,1
DA:506,1
DA:507,1
DA:508,1
DA:509,1
DA:511,1
DA:514,1
DA:517,1
DA:518,1
DA:521,1
DA:522,1
DA:523,1
DA:526,1
DA:527,1
DA:528,1
DA:530,1
DA:531,1
DA:532,1
DA:533,1
DA:534,1
DA:536,1
DA:537,1
DA:538,1
DA:540,1
DA:541,1
DA:542,1
DA:543,1
DA:544,1
DA:546,1
DA:549,1
DA:552,1
DA:555,1
DA:558,1
DA:559,1
DA:562,1
DA:563,1
DA:566,1
DA:567,1
DA:568,1
DA:570,1
DA:571,1
DA:572,1
DA:573,1
DA:575,1
DA:576,1
DA:577,1
DA:579,1
DA:580,1
DA:581,1
DA:582,1
DA:583,1
DA:585,1
DA:588,1
DA:591,1
DA:594,1
DA:597,1
DA:600,1
DA:601,1
DA:604,1
DA:605,1
DA:606,1
DA:608,1
DA:609,1
DA:611,1
DA:612,1
DA:613,1
DA:615,1
DA:616,1
DA:617,1
DA:618,1
DA:619,1
DA:621,1
DA:624,1
DA:625,1
DA:626,1
DA:627,1
DA:631,1
DA:632,1
DA:633,1
DA:635,1
DA:636,1
DA:639,1
DA:640,1
DA:641,1
DA:642,1
DA:643,1
DA:645,1
DA:646,1
DA:647,1
DA:648,1
DA:649,1
DA:651,1
DA:652,1
DA:655,1
DA:658,1
DA:659,1
DA:663,1
DA:664,1
DA:665,1
DA:667,1
DA:668,1
DA:669,1
DA:672,1
DA:673,1
DA:674,1
DA:675,1
DA:676,1
DA:678,1
DA:679,1
DA:680,1
DA:681,1
DA:682,1
DA:684,1
DA:685,1
DA:688,1
DA:691,1
DA:694,1
DA:695,1
DA:698,1
DA:699,1
DA:700,1
DA:702,1
DA:703,1
DA:705,1
DA:706,1
DA:708,1
DA:709,1
DA:710,1
DA:711,1
DA:712,1
DA:714,1
DA:717,1
DA:718,1
DA:721,1
DA:722,1
DA:723,1
DA:725,1
DA:726,1
DA:727,1
DA:728,1
DA:730,1
DA:731,1
DA:732,1
DA:734,1
DA:735,1
DA:736,1
DA:737,1
DA:738,1
DA:740,1
DA:743,1
DA:746,1
DA:747,1
DA:749,1
DA:750,1
DA:753,1
DA:754,1
DA:757,1
DA:758,1
DA:759,1
DA:762,1
DA:763,1
DA:764,1
DA:766,1
DA:767,1
DA:769,1
DA:770,1
DA:772,1
DA:773,1
DA:774,1
DA:775,1
DA:776,1
DA:778,1
DA:781,1
DA:782,1
DA:783,1
DA:784,1
DA:785,1
DA:788,1
DA:789,1
DA:790,1
DA:792,1
DA:793,1
DA:794,1
DA:797,1
DA:798,1
DA:801,1
DA:802,1
DA:804,1
DA:805,1
DA:806,1
DA:807,1
DA:808,1
DA:810,1
DA:813,1
DA:814,1
DA:815,1
DA:818,1
DA:819,1
DA:822,1
DA:825,1
DA:826,1
DA:829,1
DA:832,1
DA:835,1
DA:836,1
DA:837,1
DA:840,1
DA:841,1
DA:842,1
DA:844,1
DA:845,1
DA:846,1
DA:847,1
DA:850,1
DA:851,1
DA:854,1
DA:855,1
DA:857,1
DA:858,1
DA:859,1
DA:860,1
DA:861,1
DA:863,1
DA:864,1
DA:867,1
DA:868,1
DA:871,1
DA:874,1
DA:875,1
DA:878,1
DA:879,1
DA:882,1
DA:885,1
DA:888,1
DA:889,1
DA:892,1
DA:893,1
DA:894,1
DA:896,1
DA:897,1
DA:898,1
DA:899,1
DA:902,1
DA:903,1
DA:904,1
DA:907,1
DA:908,1
DA:910,1
DA:911,1
DA:912,1
DA:913,1
DA:914,1
DA:916,1
DA:917,1
DA:920,1
DA:921,1
DA:924,1
DA:927,1
DA:928,1
DA:931,1
DA:934,1
DA:937,1
DA:940,1
DA:943,1
DA:944,1
BRF:0
BRH:0
LF:558
LH:554
end_of_record
SF:/Users/sangwon0001/Projects/LumenLater/bnpl/workspace/usdc_token/src/lib.rs
FN:6,_RNCNvXNvNvCsaWhrjqBZle_10usdc_token1__1__NtB6_16ArbitraryDataKeyNtCskPMauLczi1a_9arbitrary9Arbitrary19arbitrary_take_rests_0B8_
FN:6,_RNCNvXNvNvCsaWhrjqBZle_10usdc_token1__1__NtB6_16ArbitraryDataKeyNtCskPMauLczi1a_9arbitrary9Arbitrary9arbitrarys_0B8_
FN:6,_RNvXs6_CsaWhrjqBZle_10usdc_tokenNtNtNtCs21mkQaKRCIX_11stellar_xdr4curr9generated5ScValINtNtCsd2KPTObkMr_4core7convert7TryFromRNtB5_7DataKeyE8try_from
FN:53,_RNvXsd_CsaWhrjqBZle_10usdc_tokenNtB5_9UsdcTokenNtB5_10TokenTrait10initialize
FN:252,_RNvXsd_CsaWhrjqBZle_10usdc_tokenNtB5_9UsdcTokenNtB5_10TokenTrait12total_supply
FN:214,_RNvXsd_CsaWhrjqBZle_10usdc_tokenNtB5_9UsdcTokenNtB5_10TokenTrait13transfer_from
FN:279,_RNvXsd_CsaWhrjqBZle_10usdc_tokenNtB5_9UsdcTokenNtB5_10TokenTrait14get_mint_limit
FN:285,_RNvXsd_CsaWhrjqBZle_10usdc_tokenNtB5_9UsdcTokenNtB5_10TokenTrait16get_daily_minted
FN:134,_RNvXsd_CsaWhrjqBZle_10usdc_tokenNtB5_9UsdcTokenNtB5_10TokenTrait4burn
FN:74,_RNvXsd_CsaWhrjqBZle_10usdc_tokenNtB5_9UsdcTokenNtB5_10TokenTrait4mint
FN:258,_RNvXsd_CsaWhrjqBZle_10usdc_tokenNtB5_9UsdcTokenNtB5_10TokenTrait4name
FN:265,_RNvXsd_CsaWhrjqBZle_10usdc_tokenNtB5_9UsdcTokenNtB5_10TokenTrait6symbol
FN:197,_RNvXsd_CsaWhrjqBZle_10usdc_tokenNtB5_9UsdcTokenNtB5_10TokenTrait7approve
FN:162,_RNvXsd_CsaWhrjqBZle_10usdc_tokenNtB5_9UsdcTokenNtB5_10TokenTrait7balance
FN:272,_RNvXsd_CsaWhrjqBZle_10usdc_tokenNtB5_9UsdcTokenNtB5_10TokenTrait8decimals
FN:169,_RNvXsd_CsaWhrjqBZle_10usdc_tokenNtB5_9UsdcTokenNtB5_10TokenTrait8transfer
FN:207,_RNvXsd_CsaWhrjqBZle_10usdc_tokenNtB5_9UsdcTokenNtB5_10TokenTrait9allowance
FN:6,_RNCNvXNvNvCs7Lvbvsi54YS_10usdc_token1__1__NtB6_16ArbitraryDataKeyNtCskPMauLczi1a_9arbitrary9Arbitrary19arbitrary_take_rests_0B8_
FN:6,_RNCNvXNvNvCs7Lvbvsi54YS_10usdc_token1__1__NtB6_16ArbitraryDataKeyNtCskPMauLczi1a_9arbitrary9Arbitrary9arbitrarys_0B8_
FN:6,_RNvXs6_Cs7Lvbvsi54YS_10usdc_tokenNtNtNtCs21mkQaKRCIX_11stellar_xdr4curr9generated5ScValINtNtCsd2KPTObkMr_4core7convert7TryFromRNtB5_7DataKeyE8try_from
FN:53,_RNvXsd_Cs7Lvbvsi54YS_10usdc_tokenNtB5_9UsdcTokenNtB5_10TokenTrait10initialize
FN:252,_RNvXsd_Cs7Lvbvsi54YS_10usdc_tokenNtB5_9UsdcTokenNtB5_10TokenTrait12total_supply
FN:214,_RNvXsd_Cs7Lvbvsi54YS_10usdc_tokenNtB5_9UsdcTokenNtB5_10TokenTrait13transfer_from
FN:279,_RNvXsd_Cs7Lvbvsi54YS_10usdc_tokenNtB5_9UsdcTokenNtB5_10TokenTrait14get_mint_limit
FN:285,_RNvXsd_Cs7Lvbvsi54YS_10usdc_tokenNtB5_9UsdcTokenNtB5_10TokenTrait16get_daily_minted
FN:134,_RNvXsd_Cs7Lvbvsi54YS_10usdc_tokenNtB5_9UsdcTokenNtB5_10TokenTrait4burn
FN:74,_RNvXsd_Cs7Lvbvsi54YS_10usdc_tokenNtB5_9UsdcTokenNtB5_10TokenTrait4mint
FN:258,_RNvXsd_Cs7Lvbvsi54YS_10usdc_tokenNtB5_9UsdcTokenNtB5_10TokenTrait4name
FN:265,_RNvXsd_Cs7Lvbvsi54YS_10usdc_tokenNtB5_9UsdcTokenNtB5_10TokenTrait6symbol
FN:197,_RNvXsd_Cs7Lvbvsi54YS_10usdc_tokenNtB5_9UsdcTokenNtB5_10TokenTrait7approve
FN:162,_RNvXsd_Cs7Lvbvsi54YS_10usdc_tokenNtB5_9UsdcTokenNtB5_10TokenTrait7balance
FN:272,_RNvXsd_Cs7Lvbvsi54YS_10usdc_tokenNtB5_9UsdcTokenNtB5_10TokenTrait8decimals
FN:169,_RNvXsd_Cs7Lvbvsi54YS_10usdc_tokenNtB5_9UsdcTokenNtB5_10TokenTrait8transfer
FN:207,_RNvXsd_Cs7Lvbvsi54YS_10usdc_tokenNtB5_9UsdcTokenNtB5_10TokenTrait9allowance
FN:382,_RNvNtCs7Lvbvsi54YS_10usdc_token4tests_13test_transfer
FN:314,_RNvNtCs7Lvbvsi54YS_10usdc_token4tests_15test_initialize
FN:359,_RNvNtCs7Lvbvsi54YS_10usdc_token4tests_15test_mint_limit
FN:332,_RNvNtCs7Lvbvsi54YS_10usdc_token4tests_9test_mint
FNDA:0,_RNCNvXNvNvCsaWhrjqBZle_10usdc_token1__1__NtB6_16ArbitraryDataKeyNtCskPMauLczi1a_9arbitrary9Arbitrary19arbitrary_take_rests_0B8_
FNDA:0,_RNCNvXNvNvCsaWhrjqBZle_10usdc_token1__1__NtB6_16ArbitraryDataKeyNtCskPMauLczi1a_9arbitrary9Arbitrary9arbitrarys_0B8_
FNDA:0,_RNvXs6_CsaWhrjqBZle_10usdc_tokenNtNtNtCs21mkQaKRCIX_11stellar_xdr4curr9generated5ScValINtNtCsd2KPTObkMr_4core7convert7TryFromRNtB5_7DataKeyE8try_from
FNDA:0,_RNvXsd_CsaWhrjqBZle_10usdc_tokenNtB5_9UsdcTokenNtB5_10TokenTrait10initialize
FNDA:0,_RNvXsd_CsaWhrjqBZle_10usdc_tokenNtB5_9UsdcTokenNtB5_10TokenTrait12total_supply
FNDA:0,_RNvXsd_CsaWhrjqBZle_10usdc_tokenNtB5_9UsdcTokenNtB5_10TokenTrait13transfer_from
FNDA:0,_RNvXsd_CsaWhrjqBZle_10usdc_tokenNtB5_9UsdcTokenNtB5_10TokenTrait14get_mint_limit
FNDA:0,_RNvXsd_CsaWhrjqBZle_10usdc_tokenNtB5_9UsdcTokenNtB5_10TokenTrait16get_daily_minted
FNDA:0,_RNvXsd_CsaWhrjqBZle_10usdc_tokenNtB5_9UsdcTokenNtB5_10TokenTrait4burn
FNDA:0,_RNvXsd_CsaWhrjqBZle_10usdc_tokenNtB5_9UsdcTokenNtB5_10TokenTrait4mint
FNDA:0,_RNvXsd_CsaWhrjqBZle_10usdc_tokenNtB5_9UsdcTokenNtB5_10TokenTrait4name
FNDA:0,_RNvXsd_CsaWhrjqBZle_10usdc_tokenNtB5_9UsdcTokenNtB5_10TokenTrait6symbol
FNDA:0,_RNvXsd_CsaWhrjqBZle_10usdc_tokenNtB5_9UsdcTokenNtB5_10TokenTrait7approve
FNDA:0,_RNvXsd_CsaWhrjqBZle_10usdc_tokenNtB5_9UsdcTokenNtB5_10TokenTrait7balance
FNDA:0,_RNvXsd_CsaWhrjqBZle_10usdc_tokenNtB5_9UsdcTokenNtB5_10TokenTrait8decimals
FNDA:0,_RNvXsd_CsaWhrjqBZle_10usdc_tokenNtB5_9UsdcTokenNtB5_10TokenTrait8transfer
FNDA:0,_RNvXsd_CsaWhrjqBZle_10usdc_tokenNtB5_9UsdcTokenNtB5_10TokenTrait9allowance
FNDA:0,_RNCNvXNvNvCs7Lvbvsi54YS_10usdc_token1__1__NtB6_16ArbitraryDataKeyNtCskPMauLczi1a_9arbitrary9Arbitrary19arbitrary_take_rests_0B8_
FNDA:0,_RNCNvXNvNvCs7Lvbvsi54YS_10usdc_token1__1__NtB6_16ArbitraryDataKeyNtCskPMauLczi1a_9arbitrary9Arbitrary9arbitrarys_0B8_
FNDA:0,_RNvXs6_Cs7Lvbvsi54YS_10usdc_tokenNtNtNtCs21mkQaKRCIX_11stellar_xdr4curr9generated5ScValINtNtCsd2KPTObkMr_4core7convert7TryFromRNtB5_7DataKeyE8try_from
FNDA:4,_RNvXsd_Cs7Lvbvsi54YS_10usdc_tokenNtB5_9UsdcTokenNtB5_10TokenTrait10initialize
FNDA:2,_RNvXsd_Cs7Lvbvsi54YS_10usdc_tokenNtB5_9UsdcTokenNtB5_10TokenTrait12total_supply
FNDA:0,_RNvXsd_Cs7Lvbvsi54YS_10usdc_tokenNtB5_9UsdcTokenNtB5_10TokenTrait13transfer_from
FNDA:0,_RNvXsd_Cs7Lvbvsi54YS_10usdc_tokenNtB5_9UsdcTokenNtB5_10TokenTrait14get_mint_limit
FNDA:0,_RNvXsd_Cs7Lvbvsi54YS_10usdc_tokenNtB5_9UsdcTokenNtB5_10TokenTrait16get_daily_minted
FNDA:0,_RNvXsd_Cs7Lvbvsi54YS_10usdc_tokenNtB5_9UsdcTokenNtB5_10TokenTrait4burn
FNDA:3,_RNvXsd_Cs7Lvbvsi54YS_10usdc_tokenNtB5_9UsdcTokenNtB5_10TokenTrait4mint
FNDA:1,_RNvXsd_Cs7Lvbvsi54YS_10usdc_tokenNtB5_9UsdcTokenNtB5_10TokenTrait4name
FNDA:1,_RNvXsd_Cs7Lvbvsi54YS_10usdc_tokenNtB5_9UsdcTokenNtB5_10TokenTrait6symbol
FNDA:0,_RNvXsd_Cs7Lvbvsi54YS_10usdc_tokenNtB5_9UsdcTokenNtB5_10TokenTrait7approve
FNDA:3,_RNvXsd_Cs7Lvbvsi54YS_10usdc_tokenNtB5_9UsdcTokenNtB5_10TokenTrait7balance
FNDA:1,_RNvXsd_Cs7Lvbvsi54YS_10usdc_tokenNtB5_9UsdcTokenNtB5_10TokenTrait8decimals
FNDA:1,_RNvXsd_Cs7Lvbvsi54YS_10usdc_tokenNtB5_9UsdcTokenNtB5_10TokenTrait8transfer
FNDA:0,_RNvXsd_Cs7Lvbvsi54YS_10usdc_tokenNtB5_9UsdcTokenNtB5_10TokenTrait9allowance
FNDA:1,_RNvNtCs7Lvbvsi54YS_10usdc_token4tests_13test_transfer
FNDA:1,_RNvNtCs7Lvbvsi54YS_10usdc_token4tests_15test_initialize
FNDA:1,_RNvNtCs7Lvbvsi54YS_10usdc_token4tests_15test_mint_limit
FNDA:1,_RNvNtCs7Lvbvsi54YS_10usdc_token4tests_9test_mint
FNF:19
FNH:12
DA:6,0
DA:53,4
DA:54,4
DA:55,0
DA:56,4
DA:58,4
DA:60,4
DA:61,4
DA:62,4
DA:63,4
DA:64,4
DA:65,4
DA:68,4
DA:71,4
DA:72,4
DA:74,3
DA:75,3
DA:77,3
DA:78,0
DA:79,3
DA:82,3
DA:83,3
DA:85,3
DA:86,3
DA:88,3
DA:89,3
DA:90,3
DA:92,3
DA:94,0
DA:96,3
DA:97,3
DA:98,3
DA:101,3
DA:102,3
DA:103,3
DA:105,3
DA:106,1
DA:107,2
DA:110,2
DA:111,2
DA:112,2
DA:115,2
DA:116,2
DA:117,2
DA:118,2
DA:120,2
DA:121,2
DA:124,2
DA:125,2
DA:126,2
DA:127,2
DA:130,2
DA:131,2
DA:132,2
DA:134,0
DA:135,0
DA:137,0
DA:138,0
DA:139,0
DA:141,0
DA:142,0
DA:143,0
DA:144,0
DA:146,0
DA:147,0
DA:148,0
DA:150,0
DA:153,0
DA:154,0
DA:155,0
DA:156,0
DA:159,0
DA:160,0
DA:162,3
DA:163,3
DA:164,3
DA:165,3
DA:166,3
DA:167,3
DA:169,1
DA:170,1
DA:172,1
DA:173,0
DA:174,1
DA:176,1
DA:177,1
DA:178,1
DA:179,1
DA:181,1
DA:182,0
DA:183,1
DA:185,1
DA:186,1
DA:187,1
DA:188,1
DA:190,1
DA:191,1
DA:194,1
DA:195,1
DA:197,0
DA:198,0
DA:200,0
DA:201,0
DA:204,0
DA:205,0
DA:207,0
DA:208,0
DA:209,0
DA:210,0
DA:211,0
DA:212,0
DA:214,0
DA:215,0
DA:217,0
DA:218,0
DA:219,0
DA:221,0
DA:222,0
DA:223,0
DA:224,0
DA:226,0
DA:227,0
DA:228,0
DA:230,0
DA:231,0
DA:232,0
DA:233,0
DA:235,0
DA:236,0
DA:237,0
DA:239,0
DA:240,0
DA:241,0
DA:242,0
DA:244,0
DA:245,0
DA:246,0
DA:249,0
DA:250,0
DA:252,2
DA:253,2
DA:254,2
DA:255,2
DA:256,2
DA:258,1
DA:259,1
DA:260,1
DA:261,1
DA:262,1
DA:263,1
DA:265,1
DA:266,1
DA:267,1
DA:268,1
DA:269,1
DA:270,1
DA:272,1
DA:273,1
DA:274,1
DA:275,1
DA:276,1
DA:277,1
DA:279,0
DA:280,0
DA:281,0
DA:282,0
DA:283,0
DA:285,0
DA:286,0
DA:287,0
DA:289,0
DA:290,0
DA:292,0
DA:293,0
DA:294,0
DA:296,0
DA:297,0
DA:299,0
DA:300,0
DA:301,0
DA:303,0
DA:314,1
DA:315,1
DA:316,1
DA:317,1
DA:319,1
DA:320,1
DA:321,1
DA:323,1
DA:325,1
DA:326,1
DA:327,1
DA:328,1
DA:329,1
DA:332,1
DA:333,1
DA:334,1
DA:335,1
DA:337,1
DA:338,1
DA:340,1
DA:341,1
DA:342,1
DA:343,1
DA:344,1
DA:345,1
DA:349,1
DA:350,1
DA:351,1
DA:353,1
DA:354,1
DA:355,1
DA:359,1
DA:360,1
DA:361,1
DA:362,1
DA:364,1
DA:365,1
DA:367,1
DA:368,1
DA:369,1
DA:370,1
DA:371,1
DA:372,1
DA:376,1
DA:377,1
DA:378,1
DA:379,1
DA:382,1
DA:383,1
DA:384,1
DA:385,1
DA:387,1
DA:388,1
DA:389,1
DA:391,1
DA:392,1
DA:393,1
DA:394,1
DA:395,1
DA:396,1
DA:400,1
DA:401,1
DA:402,1
DA:404,1
DA:405,1
DA:407,1
DA:408,1
DA:409,1
BRF:0
BRH:0
LF:249
LH:165
end_of_record